2024-06-25 14:42:39,108 [Worker-4: Loading available Gradle versions] INFO  o.e.b.c.i.u.g.PublishedGradleVersions - Gradle version information cache is out-of-date. Trying to update.
2024-06-25 14:42:39,788 [Worker-4: Loading available Gradle versions] INFO  o.e.b.c.i.u.g.PublishedGradleVersions - Updating Gradle version information cache failed. Using outdated cache.
2024-06-25 14:43:16,971 [Worker-5: Loading available Gradle versions] INFO  o.e.b.c.i.u.g.PublishedGradleVersions - Gradle version information cache is out-of-date. Trying to update.
2024-06-25 14:43:17,460 [Worker-5: Loading available Gradle versions] INFO  o.e.b.c.i.u.g.PublishedGradleVersions - Updating Gradle version information cache failed. Using outdated cache.
2024-06-26 10:29:29,212 [Worker-18: Loading available Gradle versions] INFO  o.e.b.c.i.u.g.PublishedGradleVersions - Gradle version information cache is out-of-date. Trying to update.
2024-06-26 10:29:29,313 [Worker-18: Loading available Gradle versions] INFO  o.e.b.c.i.u.g.PublishedGradleVersions - Updating Gradle version information cache failed. Using outdated cache.
2024-06-26 11:49:39,941 [Worker-1: Loading available Gradle versions] INFO  o.e.b.c.i.u.g.PublishedGradleVersions - Gradle version information cache is out-of-date. Trying to update.
2024-06-26 11:49:40,511 [Worker-1: Loading available Gradle versions] INFO  o.e.b.c.i.u.g.PublishedGradleVersions - Updating Gradle version information cache failed. Using outdated cache.
2024-06-26 14:44:25,449 [Worker-2: Loading available Gradle versions] INFO  o.e.b.c.i.u.g.PublishedGradleVersions - Gradle version information cache is out-of-date. Trying to update.
2024-06-26 14:46:07,757 [Worker-2: Loading available Gradle versions] INFO  o.e.b.c.i.u.g.PublishedGradleVersions - Gradle version information cache is up-to-date. Trying to read.
2024-06-27 14:35:34,645 [Worker-4: Loading available Gradle versions] INFO  o.e.b.c.i.u.g.PublishedGradleVersions - Gradle version information cache is up-to-date. Trying to read.
2024-06-28 14:34:25,821 [Worker-2: Loading available Gradle versions] INFO  o.e.b.c.i.u.g.PublishedGradleVersions - Gradle version information cache is up-to-date. Trying to read.
2024-06-29 14:24:46,889 [Worker-4: Loading available Gradle versions] INFO  o.e.b.c.i.u.g.PublishedGradleVersions - Gradle version information cache is up-to-date. Trying to read.
2024-07-01 12:58:11,435 [Worker-1: Loading available Gradle versions] INFO  o.e.b.c.i.u.g.PublishedGradleVersions - Gradle version information cache is out-of-date. Trying to update.
2024-07-01 12:58:12,069 [Worker-1: Loading available Gradle versions] INFO  o.e.b.c.i.u.g.PublishedGradleVersions - Updating Gradle version information cache failed. Using outdated cache.
2024-07-01 15:40:58,199 [Worker-5: Loading available Gradle versions] INFO  o.e.b.c.i.u.g.PublishedGradleVersions - Gradle version information cache is out-of-date. Trying to update.
2024-07-02 14:40:02,318 [Worker-21: Loading available Gradle versions] INFO  o.e.b.c.i.u.g.PublishedGradleVersions - Gradle version information cache is up-to-date. Trying to read.
2024-07-03 14:40:35,021 [Worker-4: Loading available Gradle versions] INFO  o.e.b.c.i.u.g.PublishedGradleVersions - Gradle version information cache is up-to-date. Trying to read.
2024-07-04 12:24:58,584 [Worker-19: Loading available Gradle versions] INFO  o.e.b.c.i.u.g.PublishedGradleVersions - Gradle version information cache is up-to-date. Trying to read.
2024-07-04 14:34:29,808 [Worker-1: Loading available Gradle versions] INFO  o.e.b.c.i.u.g.PublishedGradleVersions - Gradle version information cache is up-to-date. Trying to read.
2024-07-05 12:19:39,528 [Worker-1: Loading available Gradle versions] INFO  o.e.b.c.i.u.g.PublishedGradleVersions - Gradle version information cache is out-of-date. Trying to update.
2024-07-05 14:29:56,353 [Worker-1: Loading available Gradle versions] INFO  o.e.b.c.i.u.g.PublishedGradleVersions - Gradle version information cache is up-to-date. Trying to read.
2024-07-06 14:33:49,699 [Worker-24: Loading available Gradle versions] INFO  o.e.b.c.i.u.g.PublishedGradleVersions - Gradle version information cache is out-of-date. Trying to update.
2024-07-08 12:10:50,014 [Worker-4: Loading available Gradle versions] INFO  o.e.b.c.i.u.g.PublishedGradleVersions - Gradle version information cache is out-of-date. Trying to update.
2024-07-08 12:10:50,546 [Worker-4: Loading available Gradle versions] INFO  o.e.b.c.i.u.g.PublishedGradleVersions - Updating Gradle version information cache failed. Using outdated cache.
2024-07-09 13:43:46,929 [Worker-2: Loading available Gradle versions] INFO  o.e.b.c.i.u.g.PublishedGradleVersions - Gradle version information cache is out-of-date. Trying to update.
2024-07-10 14:47:41,446 [Worker-18: Loading available Gradle versions] INFO  o.e.b.c.i.u.g.PublishedGradleVersions - Gradle version information cache is out-of-date. Trying to update.
2024-07-10 14:47:41,537 [Worker-18: Loading available Gradle versions] INFO  o.e.b.c.i.u.g.PublishedGradleVersions - Updating Gradle version information cache failed. Using outdated cache.
2024-07-11 12:05:58,398 [Worker-3: Loading available Gradle versions] INFO  o.e.b.c.i.u.g.PublishedGradleVersions - Gradle version information cache is up-to-date. Trying to read.
2024-07-11 14:25:00,890 [Worker-4: Loading available Gradle versions] INFO  o.e.b.c.i.u.g.PublishedGradleVersions - Gradle version information cache is up-to-date. Trying to read.
2024-07-11 17:48:24,837 [Worker-12: Loading available Gradle versions] INFO  o.e.b.c.i.u.g.PublishedGradleVersions - Gradle version information cache is up-to-date. Trying to read.
2024-07-12 14:36:12,898 [Worker-3: Loading available Gradle versions] INFO  o.e.b.c.i.u.g.PublishedGradleVersions - Gradle version information cache is out-of-date. Trying to update.
2024-07-13 12:00:11,234 [Worker-6: Loading available Gradle versions] INFO  o.e.b.c.i.u.g.PublishedGradleVersions - Gradle version information cache is up-to-date. Trying to read.
2024-07-13 14:12:56,052 [Worker-1: Loading available Gradle versions] INFO  o.e.b.c.i.u.g.PublishedGradleVersions - Gradle version information cache is up-to-date. Trying to read.
2024-07-15 14:35:44,397 [Worker-6: Loading available Gradle versions] INFO  o.e.b.c.i.u.g.PublishedGradleVersions - Gradle version information cache is out-of-date. Trying to update.
2024-07-16 14:34:13,705 [Worker-1: Loading available Gradle versions] INFO  o.e.b.c.i.u.g.PublishedGradleVersions - Gradle version information cache is up-to-date. Trying to read.
2024-07-16 22:02:37,020 [Worker-0: Loading available Gradle versions] INFO  o.e.b.c.i.u.g.PublishedGradleVersions - Gradle version information cache is up-to-date. Trying to read.
2024-07-17 14:31:50,988 [Worker-1: Loading available Gradle versions] INFO  o.e.b.c.i.u.g.PublishedGradleVersions - Gradle version information cache is up-to-date. Trying to read.
2024-07-18 14:36:44,708 [Worker-19: Loading available Gradle versions] INFO  o.e.b.c.i.u.g.PublishedGradleVersions - Gradle version information cache is out-of-date. Trying to update.
2024-07-19 14:21:56,700 [Worker-3: Loading available Gradle versions] INFO  o.e.b.c.i.u.g.PublishedGradleVersions - Gradle version information cache is up-to-date. Trying to read.
2024-07-20 14:27:52,558 [Worker-13: Loading available Gradle versions] INFO  o.e.b.c.i.u.g.PublishedGradleVersions - Gradle version information cache is out-of-date. Trying to update.
2024-07-22 14:30:11,567 [Worker-1: Loading available Gradle versions] INFO  o.e.b.c.i.u.g.PublishedGradleVersions - Gradle version information cache is out-of-date. Trying to update.
2024-07-22 16:09:02,850 [Worker-1: Loading available Gradle versions] INFO  o.e.b.c.i.u.g.PublishedGradleVersions - Gradle version information cache is up-to-date. Trying to read.
2024-07-23 14:29:23,299 [Worker-1: Loading available Gradle versions] INFO  o.e.b.c.i.u.g.PublishedGradleVersions - Gradle version information cache is up-to-date. Trying to read.
2024-07-24 14:26:53,814 [Worker-4: Loading available Gradle versions] INFO  o.e.b.c.i.u.g.PublishedGradleVersions - Gradle version information cache is out-of-date. Trying to update.
2024-07-25 14:42:40,408 [Worker-24: Loading available Gradle versions] INFO  o.e.b.c.i.u.g.PublishedGradleVersions - Gradle version information cache is out-of-date. Trying to update.
2024-07-26 14:36:14,320 [Worker-18: Loading available Gradle versions] INFO  o.e.b.c.i.u.g.PublishedGradleVersions - Gradle version information cache is up-to-date. Trying to read.
2024-07-27 14:31:45,286 [Worker-2: Loading available Gradle versions] INFO  o.e.b.c.i.u.g.PublishedGradleVersions - Gradle version information cache is out-of-date. Trying to update.
2024-07-28 11:11:34,196 [Worker-17: Loading available Gradle versions] INFO  o.e.b.c.i.u.g.PublishedGradleVersions - Gradle version information cache is up-to-date. Trying to read.
2024-07-29 13:30:36,869 [Worker-1: Loading available Gradle versions] INFO  o.e.b.c.i.u.g.PublishedGradleVersions - Gradle version information cache is up-to-date. Trying to read.
2024-07-29 14:29:49,465 [Worker-1: Loading available Gradle versions] INFO  o.e.b.c.i.u.g.PublishedGradleVersions - Gradle version information cache is up-to-date. Trying to read.
2024-07-30 13:26:28,774 [Worker-4: Loading available Gradle versions] INFO  o.e.b.c.i.u.g.PublishedGradleVersions - Gradle version information cache is out-of-date. Trying to update.
2024-07-30 14:34:40,858 [Worker-4: Loading available Gradle versions] INFO  o.e.b.c.i.u.g.PublishedGradleVersions - Gradle version information cache is up-to-date. Trying to read.
2024-07-31 14:33:51,377 [Worker-2: Loading available Gradle versions] INFO  o.e.b.c.i.u.g.PublishedGradleVersions - Gradle version information cache is out-of-date. Trying to update.
2024-08-01 14:02:03,103 [Worker-4: Loading available Gradle versions] INFO  o.e.b.c.i.u.g.PublishedGradleVersions - Gradle version information cache is up-to-date. Trying to read.
2024-08-01 15:05:05,779 [Worker-24: Launching mavenrun-3ae5f081-4f4d-43bf-8abf-984382ff0fb5] INFO  o.eclipse.m2e.core.internal.Bundles - getClasspathEntries(Bundle=org.eclipse.m2e.maven.runtime_3.9.700.20240602-2313 [642])
2024-08-01 15:05:05,784 [Worker-24: Launching mavenrun-3ae5f081-4f4d-43bf-8abf-984382ff0fb5] INFO  o.eclipse.m2e.core.internal.Bundles - 	Entry: C:\Users\akash\.p2\pool\plugins\org.eclipse.m2e.maven.runtime_3.9.700.20240602-2313
2024-08-01 15:05:05,785 [Worker-24: Launching mavenrun-3ae5f081-4f4d-43bf-8abf-984382ff0fb5] INFO  o.eclipse.m2e.core.internal.Bundles - 	Entry: C:\Users\akash\.p2\pool\plugins\org.eclipse.m2e.maven.runtime_3.9.700.20240602-2313\jars\aopalliance-1.0.jar
2024-08-01 15:05:05,785 [Worker-24: Launching mavenrun-3ae5f081-4f4d-43bf-8abf-984382ff0fb5] INFO  o.eclipse.m2e.core.internal.Bundles - 	Entry: C:\Users\akash\.p2\pool\plugins\org.eclipse.m2e.maven.runtime_3.9.700.20240602-2313\jars\guice-5.1.0.jar
2024-08-01 15:05:05,785 [Worker-24: Launching mavenrun-3ae5f081-4f4d-43bf-8abf-984382ff0fb5] INFO  o.eclipse.m2e.core.internal.Bundles - 	Entry: C:\Users\akash\.p2\pool\plugins\org.eclipse.m2e.maven.runtime_3.9.700.20240602-2313\jars\httpclient-4.5.14.jar
2024-08-01 15:05:05,785 [Worker-24: Launching mavenrun-3ae5f081-4f4d-43bf-8abf-984382ff0fb5] INFO  o.eclipse.m2e.core.internal.Bundles - 	Entry: C:\Users\akash\.p2\pool\plugins\org.eclipse.m2e.maven.runtime_3.9.700.20240602-2313\jars\httpcore-4.4.16.jar
2024-08-01 15:05:05,785 [Worker-24: Launching mavenrun-3ae5f081-4f4d-43bf-8abf-984382ff0fb5] INFO  o.eclipse.m2e.core.internal.Bundles - 	Entry: C:\Users\akash\.p2\pool\plugins\org.eclipse.m2e.maven.runtime_3.9.700.20240602-2313\jars\jansi-2.4.1.jar
2024-08-01 15:05:05,785 [Worker-24: Launching mavenrun-3ae5f081-4f4d-43bf-8abf-984382ff0fb5] INFO  o.eclipse.m2e.core.internal.Bundles - 	Entry: C:\Users\akash\.p2\pool\plugins\org.eclipse.m2e.maven.runtime_3.9.700.20240602-2313\jars\jcl-over-slf4j-1.7.36.jar
2024-08-01 15:05:05,785 [Worker-24: Launching mavenrun-3ae5f081-4f4d-43bf-8abf-984382ff0fb5] INFO  o.eclipse.m2e.core.internal.Bundles - 	Entry: C:\Users\akash\.p2\pool\plugins\org.eclipse.m2e.maven.runtime_3.9.700.20240602-2313\jars\maven-artifact-3.9.7.jar
2024-08-01 15:05:05,786 [Worker-24: Launching mavenrun-3ae5f081-4f4d-43bf-8abf-984382ff0fb5] INFO  o.eclipse.m2e.core.internal.Bundles - 	Entry: C:\Users\akash\.p2\pool\plugins\org.eclipse.m2e.maven.runtime_3.9.700.20240602-2313\jars\maven-builder-support-3.9.7.jar
2024-08-01 15:05:05,786 [Worker-24: Launching mavenrun-3ae5f081-4f4d-43bf-8abf-984382ff0fb5] INFO  o.eclipse.m2e.core.internal.Bundles - 	Entry: C:\Users\akash\.p2\pool\plugins\org.eclipse.m2e.maven.runtime_3.9.700.20240602-2313\jars\maven-compat-3.9.7.jar
2024-08-01 15:05:05,786 [Worker-24: Launching mavenrun-3ae5f081-4f4d-43bf-8abf-984382ff0fb5] INFO  o.eclipse.m2e.core.internal.Bundles - 	Entry: C:\Users\akash\.p2\pool\plugins\org.eclipse.m2e.maven.runtime_3.9.700.20240602-2313\jars\maven-core-3.9.7.jar
2024-08-01 15:05:05,786 [Worker-24: Launching mavenrun-3ae5f081-4f4d-43bf-8abf-984382ff0fb5] INFO  o.eclipse.m2e.core.internal.Bundles - 	Entry: C:\Users\akash\.p2\pool\plugins\org.eclipse.m2e.maven.runtime_3.9.700.20240602-2313\jars\maven-embedder-3.9.7.jar
2024-08-01 15:05:05,786 [Worker-24: Launching mavenrun-3ae5f081-4f4d-43bf-8abf-984382ff0fb5] INFO  o.eclipse.m2e.core.internal.Bundles - 	Entry: C:\Users\akash\.p2\pool\plugins\org.eclipse.m2e.maven.runtime_3.9.700.20240602-2313\jars\maven-model-3.9.7.jar
2024-08-01 15:05:05,786 [Worker-24: Launching mavenrun-3ae5f081-4f4d-43bf-8abf-984382ff0fb5] INFO  o.eclipse.m2e.core.internal.Bundles - 	Entry: C:\Users\akash\.p2\pool\plugins\org.eclipse.m2e.maven.runtime_3.9.700.20240602-2313\jars\maven-model-builder-3.9.7.jar
2024-08-01 15:05:05,786 [Worker-24: Launching mavenrun-3ae5f081-4f4d-43bf-8abf-984382ff0fb5] INFO  o.eclipse.m2e.core.internal.Bundles - 	Entry: C:\Users\akash\.p2\pool\plugins\org.eclipse.m2e.maven.runtime_3.9.700.20240602-2313\jars\maven-plugin-api-3.9.7.jar
2024-08-01 15:05:05,786 [Worker-24: Launching mavenrun-3ae5f081-4f4d-43bf-8abf-984382ff0fb5] INFO  o.eclipse.m2e.core.internal.Bundles - 	Entry: C:\Users\akash\.p2\pool\plugins\org.eclipse.m2e.maven.runtime_3.9.700.20240602-2313\jars\maven-repository-metadata-3.9.7.jar
2024-08-01 15:05:05,786 [Worker-24: Launching mavenrun-3ae5f081-4f4d-43bf-8abf-984382ff0fb5] INFO  o.eclipse.m2e.core.internal.Bundles - 	Entry: C:\Users\akash\.p2\pool\plugins\org.eclipse.m2e.maven.runtime_3.9.700.20240602-2313\jars\maven-resolver-api-1.9.20.jar
2024-08-01 15:05:05,786 [Worker-24: Launching mavenrun-3ae5f081-4f4d-43bf-8abf-984382ff0fb5] INFO  o.eclipse.m2e.core.internal.Bundles - 	Entry: C:\Users\akash\.p2\pool\plugins\org.eclipse.m2e.maven.runtime_3.9.700.20240602-2313\jars\maven-resolver-connector-basic-1.9.20.jar
2024-08-01 15:05:05,786 [Worker-24: Launching mavenrun-3ae5f081-4f4d-43bf-8abf-984382ff0fb5] INFO  o.eclipse.m2e.core.internal.Bundles - 	Entry: C:\Users\akash\.p2\pool\plugins\org.eclipse.m2e.maven.runtime_3.9.700.20240602-2313\jars\maven-resolver-impl-1.9.20.jar
2024-08-01 15:05:05,787 [Worker-24: Launching mavenrun-3ae5f081-4f4d-43bf-8abf-984382ff0fb5] INFO  o.eclipse.m2e.core.internal.Bundles - 	Entry: C:\Users\akash\.p2\pool\plugins\org.eclipse.m2e.maven.runtime_3.9.700.20240602-2313\jars\maven-resolver-named-locks-1.9.20.jar
2024-08-01 15:05:05,787 [Worker-24: Launching mavenrun-3ae5f081-4f4d-43bf-8abf-984382ff0fb5] INFO  o.eclipse.m2e.core.internal.Bundles - 	Entry: C:\Users\akash\.p2\pool\plugins\org.eclipse.m2e.maven.runtime_3.9.700.20240602-2313\jars\maven-resolver-provider-3.9.7.jar
2024-08-01 15:05:05,787 [Worker-24: Launching mavenrun-3ae5f081-4f4d-43bf-8abf-984382ff0fb5] INFO  o.eclipse.m2e.core.internal.Bundles - 	Entry: C:\Users\akash\.p2\pool\plugins\org.eclipse.m2e.maven.runtime_3.9.700.20240602-2313\jars\maven-resolver-spi-1.9.20.jar
2024-08-01 15:05:05,787 [Worker-24: Launching mavenrun-3ae5f081-4f4d-43bf-8abf-984382ff0fb5] INFO  o.eclipse.m2e.core.internal.Bundles - 	Entry: C:\Users\akash\.p2\pool\plugins\org.eclipse.m2e.maven.runtime_3.9.700.20240602-2313\jars\maven-resolver-transport-file-1.9.20.jar
2024-08-01 15:05:05,787 [Worker-24: Launching mavenrun-3ae5f081-4f4d-43bf-8abf-984382ff0fb5] INFO  o.eclipse.m2e.core.internal.Bundles - 	Entry: C:\Users\akash\.p2\pool\plugins\org.eclipse.m2e.maven.runtime_3.9.700.20240602-2313\jars\maven-resolver-transport-http-1.9.20.jar
2024-08-01 15:05:05,787 [Worker-24: Launching mavenrun-3ae5f081-4f4d-43bf-8abf-984382ff0fb5] INFO  o.eclipse.m2e.core.internal.Bundles - 	Entry: C:\Users\akash\.p2\pool\plugins\org.eclipse.m2e.maven.runtime_3.9.700.20240602-2313\jars\maven-resolver-transport-wagon-1.9.20.jar
2024-08-01 15:05:05,787 [Worker-24: Launching mavenrun-3ae5f081-4f4d-43bf-8abf-984382ff0fb5] INFO  o.eclipse.m2e.core.internal.Bundles - 	Entry: C:\Users\akash\.p2\pool\plugins\org.eclipse.m2e.maven.runtime_3.9.700.20240602-2313\jars\maven-resolver-util-1.9.20.jar
2024-08-01 15:05:05,787 [Worker-24: Launching mavenrun-3ae5f081-4f4d-43bf-8abf-984382ff0fb5] INFO  o.eclipse.m2e.core.internal.Bundles - 	Entry: C:\Users\akash\.p2\pool\plugins\org.eclipse.m2e.maven.runtime_3.9.700.20240602-2313\jars\maven-settings-3.9.7.jar
2024-08-01 15:05:05,788 [Worker-24: Launching mavenrun-3ae5f081-4f4d-43bf-8abf-984382ff0fb5] INFO  o.eclipse.m2e.core.internal.Bundles - 	Entry: C:\Users\akash\.p2\pool\plugins\org.eclipse.m2e.maven.runtime_3.9.700.20240602-2313\jars\maven-settings-builder-3.9.7.jar
2024-08-01 15:05:05,788 [Worker-24: Launching mavenrun-3ae5f081-4f4d-43bf-8abf-984382ff0fb5] INFO  o.eclipse.m2e.core.internal.Bundles - 	Entry: C:\Users\akash\.p2\pool\plugins\org.eclipse.m2e.maven.runtime_3.9.700.20240602-2313\jars\maven-shared-utils-3.4.2.jar
2024-08-01 15:05:05,788 [Worker-24: Launching mavenrun-3ae5f081-4f4d-43bf-8abf-984382ff0fb5] INFO  o.eclipse.m2e.core.internal.Bundles - 	Entry: C:\Users\akash\.p2\pool\plugins\org.eclipse.m2e.maven.runtime_3.9.700.20240602-2313\jars\org.eclipse.sisu.inject-0.9.0.M2.jar
2024-08-01 15:05:05,788 [Worker-24: Launching mavenrun-3ae5f081-4f4d-43bf-8abf-984382ff0fb5] INFO  o.eclipse.m2e.core.internal.Bundles - 	Entry: C:\Users\akash\.p2\pool\plugins\org.eclipse.m2e.maven.runtime_3.9.700.20240602-2313\jars\org.eclipse.sisu.plexus-0.9.0.M2.jar
2024-08-01 15:05:05,788 [Worker-24: Launching mavenrun-3ae5f081-4f4d-43bf-8abf-984382ff0fb5] INFO  o.eclipse.m2e.core.internal.Bundles - 	Entry: C:\Users\akash\.p2\pool\plugins\org.eclipse.m2e.maven.runtime_3.9.700.20240602-2313\jars\plexus-build-api-0.0.7.jar
2024-08-01 15:05:05,788 [Worker-24: Launching mavenrun-3ae5f081-4f4d-43bf-8abf-984382ff0fb5] INFO  o.eclipse.m2e.core.internal.Bundles - 	Entry: C:\Users\akash\.p2\pool\plugins\org.eclipse.m2e.maven.runtime_3.9.700.20240602-2313\jars\plexus-build-api-1.2.0.jar
2024-08-01 15:05:05,788 [Worker-24: Launching mavenrun-3ae5f081-4f4d-43bf-8abf-984382ff0fb5] INFO  o.eclipse.m2e.core.internal.Bundles - 	Entry: C:\Users\akash\.p2\pool\plugins\org.eclipse.m2e.maven.runtime_3.9.700.20240602-2313\jars\plexus-cipher-2.0.jar
2024-08-01 15:05:05,788 [Worker-24: Launching mavenrun-3ae5f081-4f4d-43bf-8abf-984382ff0fb5] INFO  o.eclipse.m2e.core.internal.Bundles - 	Entry: C:\Users\akash\.p2\pool\plugins\org.eclipse.m2e.maven.runtime_3.9.700.20240602-2313\jars\plexus-classworlds-2.8.0.jar
2024-08-01 15:05:05,789 [Worker-24: Launching mavenrun-3ae5f081-4f4d-43bf-8abf-984382ff0fb5] INFO  o.eclipse.m2e.core.internal.Bundles - 	Entry: C:\Users\akash\.p2\pool\plugins\org.eclipse.m2e.maven.runtime_3.9.700.20240602-2313\jars\plexus-component-annotations-2.1.0.jar
2024-08-01 15:05:05,789 [Worker-24: Launching mavenrun-3ae5f081-4f4d-43bf-8abf-984382ff0fb5] INFO  o.eclipse.m2e.core.internal.Bundles - 	Entry: C:\Users\akash\.p2\pool\plugins\org.eclipse.m2e.maven.runtime_3.9.700.20240602-2313\jars\plexus-interpolation-1.27.jar
2024-08-01 15:05:05,789 [Worker-24: Launching mavenrun-3ae5f081-4f4d-43bf-8abf-984382ff0fb5] INFO  o.eclipse.m2e.core.internal.Bundles - 	Entry: C:\Users\akash\.p2\pool\plugins\org.eclipse.m2e.maven.runtime_3.9.700.20240602-2313\jars\plexus-sec-dispatcher-2.0.jar
2024-08-01 15:05:05,789 [Worker-24: Launching mavenrun-3ae5f081-4f4d-43bf-8abf-984382ff0fb5] INFO  o.eclipse.m2e.core.internal.Bundles - 	Entry: C:\Users\akash\.p2\pool\plugins\org.eclipse.m2e.maven.runtime_3.9.700.20240602-2313\jars\plexus-utils-3.5.1.jar
2024-08-01 15:05:05,789 [Worker-24: Launching mavenrun-3ae5f081-4f4d-43bf-8abf-984382ff0fb5] INFO  o.eclipse.m2e.core.internal.Bundles - 	Entry: C:\Users\akash\.p2\pool\plugins\org.eclipse.m2e.maven.runtime_3.9.700.20240602-2313\jars\wagon-file-3.5.3.jar
2024-08-01 15:05:05,789 [Worker-24: Launching mavenrun-3ae5f081-4f4d-43bf-8abf-984382ff0fb5] INFO  o.eclipse.m2e.core.internal.Bundles - 	Entry: C:\Users\akash\.p2\pool\plugins\org.eclipse.m2e.maven.runtime_3.9.700.20240602-2313\jars\wagon-http-3.5.3.jar
2024-08-01 15:05:05,789 [Worker-24: Launching mavenrun-3ae5f081-4f4d-43bf-8abf-984382ff0fb5] INFO  o.eclipse.m2e.core.internal.Bundles - 	Entry: C:\Users\akash\.p2\pool\plugins\org.eclipse.m2e.maven.runtime_3.9.700.20240602-2313\jars\wagon-http-shared-3.5.3.jar
2024-08-01 15:05:05,789 [Worker-24: Launching mavenrun-3ae5f081-4f4d-43bf-8abf-984382ff0fb5] INFO  o.eclipse.m2e.core.internal.Bundles - 	Entry: C:\Users\akash\.p2\pool\plugins\org.eclipse.m2e.maven.runtime_3.9.700.20240602-2313\jars\wagon-provider-api-3.5.3.jar
2024-08-01 15:05:05,791 [Worker-24: Launching mavenrun-3ae5f081-4f4d-43bf-8abf-984382ff0fb5] INFO  o.eclipse.m2e.core.internal.Bundles - getClasspathEntries(Bundle=com.google.guava_33.2.0.jre [16])
2024-08-01 15:05:05,791 [Worker-24: Launching mavenrun-3ae5f081-4f4d-43bf-8abf-984382ff0fb5] INFO  o.eclipse.m2e.core.internal.Bundles - 	Entry: C:\Users\akash\.p2\pool\plugins\com.google.guava_33.2.0.jre.jar
2024-08-01 15:05:05,791 [Worker-24: Launching mavenrun-3ae5f081-4f4d-43bf-8abf-984382ff0fb5] INFO  o.eclipse.m2e.core.internal.Bundles - getClasspathEntries(Bundle=slf4j.api_2.0.13 [1007])
2024-08-01 15:05:05,792 [Worker-24: Launching mavenrun-3ae5f081-4f4d-43bf-8abf-984382ff0fb5] INFO  o.eclipse.m2e.core.internal.Bundles - 	Entry: C:\Users\akash\.p2\pool\plugins\slf4j.api_2.0.13.jar
2024-08-01 15:05:05,792 [Worker-24: Launching mavenrun-3ae5f081-4f4d-43bf-8abf-984382ff0fb5] INFO  o.eclipse.m2e.core.internal.Bundles - getClasspathEntries(Bundle=jakarta.inject.jakarta.inject-api_1.0.5 [33])
2024-08-01 15:05:05,792 [Worker-24: Launching mavenrun-3ae5f081-4f4d-43bf-8abf-984382ff0fb5] INFO  o.eclipse.m2e.core.internal.Bundles - 	Entry: C:\Users\akash\.p2\pool\plugins\jakarta.inject.jakarta.inject-api_1.0.5.jar
2024-08-01 15:05:05,792 [Worker-24: Launching mavenrun-3ae5f081-4f4d-43bf-8abf-984382ff0fb5] INFO  o.eclipse.m2e.core.internal.Bundles - getClasspathEntries(Bundle=javax.annotation_1.3.5.v20200909-1856 [44])
2024-08-01 15:05:05,792 [Worker-24: Launching mavenrun-3ae5f081-4f4d-43bf-8abf-984382ff0fb5] INFO  o.eclipse.m2e.core.internal.Bundles - 	Entry: C:\Users\akash\.p2\pool\plugins\javax.annotation_1.3.5.v20200909-1856.jar
2024-08-01 15:05:05,793 [Worker-24: Launching mavenrun-3ae5f081-4f4d-43bf-8abf-984382ff0fb5] INFO  o.eclipse.m2e.core.internal.Bundles - getClasspathEntries(Bundle=org.apache.commons.cli_1.8.0 [78])
2024-08-01 15:05:05,793 [Worker-24: Launching mavenrun-3ae5f081-4f4d-43bf-8abf-984382ff0fb5] INFO  o.eclipse.m2e.core.internal.Bundles - 	Entry: C:\Users\akash\.p2\pool\plugins\org.apache.commons.cli_1.8.0.jar
2024-08-01 15:05:05,793 [Worker-24: Launching mavenrun-3ae5f081-4f4d-43bf-8abf-984382ff0fb5] INFO  o.eclipse.m2e.core.internal.Bundles - getClasspathEntries(Bundle=org.apache.commons.commons-codec_1.16.0 [81])
2024-08-01 15:05:05,793 [Worker-24: Launching mavenrun-3ae5f081-4f4d-43bf-8abf-984382ff0fb5] INFO  o.eclipse.m2e.core.internal.Bundles - 	Entry: C:\Users\akash\.p2\pool\plugins\org.apache.commons.commons-codec_1.16.0.jar
2024-08-01 15:05:05,793 [Worker-24: Launching mavenrun-3ae5f081-4f4d-43bf-8abf-984382ff0fb5] INFO  o.eclipse.m2e.core.internal.Bundles - getClasspathEntries(Bundle=org.apache.commons.lang3_3.14.0 [89])
2024-08-01 15:05:05,794 [Worker-24: Launching mavenrun-3ae5f081-4f4d-43bf-8abf-984382ff0fb5] INFO  o.eclipse.m2e.core.internal.Bundles - 	Entry: C:\Users\akash\.p2\pool\plugins\org.apache.commons.lang3_3.14.0.jar
2024-08-01 15:05:05,794 [Worker-24: Launching mavenrun-3ae5f081-4f4d-43bf-8abf-984382ff0fb5] INFO  o.eclipse.m2e.core.internal.Bundles - getClasspathEntries(Bundle=com.google.guava.failureaccess_1.0.2 [17])
2024-08-01 15:05:05,794 [Worker-24: Launching mavenrun-3ae5f081-4f4d-43bf-8abf-984382ff0fb5] INFO  o.eclipse.m2e.core.internal.Bundles - 	Entry: C:\Users\akash\.p2\pool\plugins\com.google.guava.failureaccess_1.0.2.jar
2024-08-01 15:05:05,807 [Worker-24: Launching mavenrun-3ae5f081-4f4d-43bf-8abf-984382ff0fb5] INFO  o.e.m.i.launch.MavenLaunchDelegate - Run build in "C:\Users\akash\AppData\Local\Temp\m2e-archetypeGenerator5141032387318712995":
2024-08-01 15:05:05,813 [Worker-24: Launching mavenrun-3ae5f081-4f4d-43bf-8abf-984382ff0fb5] INFO  o.e.m.i.launch.MavenLaunchDelegate -  mvn  -DarchetypeGroupId=org.apache.maven.archetypes -DarchetypeArtifactId=maven-archetype-quickstart -DarchetypeVersion=1.4 -DgroupId=com.jspiders -DartifactId=hibernate -Dversion=0.0.1-SNAPSHOT -Dpackage=com.jspiders.hibernate -DoutputDirectory=D:\JWA-JFFADD-A4 -B -Dstyle.color=always -U archetype:generate
2024-08-01 15:05:13,351 [Worker-6: Creating maven-archetype-quickstart] INFO  o.e.m.c.i.p.ProjectConfigurationManager - Collecting project info '/pom.xml' D:\JWA-JFFADD-A4\hibernate\pom.xml
2024-08-01 15:05:14,303 [Worker-6: Creating maven-archetype-quickstart] INFO  o.e.m.c.i.l.LifecycleMappingFactory - Using org.eclipse.m2e.jdt.JarLifecycleMapping lifecycle mapping for MavenProject: com.jspiders:hibernate:0.0.1-SNAPSHOT @ D:\JWA-JFFADD-A4\hibernate\pom.xml.
2024-08-01 15:05:15,131 [Worker-6: Creating maven-archetype-quickstart] INFO  o.e.m.j.i.AbstractJavaProjectConfigurator - Adding source folder /hibernate/src/main/java
2024-08-01 15:05:15,133 [Worker-6: Creating maven-archetype-quickstart] INFO  o.e.m.j.i.AbstractJavaProjectConfigurator - Adding resource folder /hibernate/src/main/resources
2024-08-01 15:05:15,146 [Worker-6: Creating maven-archetype-quickstart] INFO  o.e.m.j.i.AbstractJavaProjectConfigurator - Adding source folder /hibernate/src/test/java
2024-08-01 15:05:15,148 [Worker-6: Creating maven-archetype-quickstart] INFO  o.e.m.j.i.AbstractJavaProjectConfigurator - Adding resource folder /hibernate/src/test/resources
2024-08-01 15:05:15,322 [Worker-6: Creating maven-archetype-quickstart] INFO  o.e.m.c.i.p.ProjectConfigurationManager - Imported and configured 1 project(s) in 1 sec
2024-08-01 15:05:16,708 [Worker-6: Building] INFO  o.e.m.c.i.embedder.EclipseLogger - Using 'UTF-8' encoding to copy filtered resources.
2024-08-01 15:05:16,708 [Worker-6: Building] INFO  o.e.m.c.i.embedder.EclipseLogger - skip non existing resourceDirectory D:\JWA-JFFADD-A4\hibernate\src\main\resources
2024-08-01 15:05:16,715 [Worker-6: Building] INFO  o.e.m.c.i.embedder.EclipseLogger - Using 'UTF-8' encoding to copy filtered resources.
2024-08-01 15:05:16,715 [Worker-6: Building] INFO  o.e.m.c.i.embedder.EclipseLogger - skip non existing resourceDirectory D:\JWA-JFFADD-A4\hibernate\src\test\resources
2024-08-01 15:11:52,304 [ModalContext] INFO  o.e.m.c.i.e.AbstractTransferListenerAdapter - Downloading https://repo.maven.apache.org/maven2/org/apache/maven/archetypes/maven-archetype-quickstart/1.1/maven-archetype-quickstart-1.1.pom
2024-08-01 15:11:52,317 [ModalContext] INFO  o.e.m.c.i.e.AbstractTransferListenerAdapter - Downloaded https://repo.maven.apache.org/maven2/org/apache/maven/archetypes/maven-archetype-quickstart/1.1/maven-archetype-quickstart-1.1.pom
2024-08-01 15:11:52,332 [ModalContext] INFO  o.e.m.c.i.e.AbstractTransferListenerAdapter - Downloading https://repo.maven.apache.org/maven2/org/apache/maven/archetypes/maven-archetype-bundles/4/maven-archetype-bundles-4.pom
2024-08-01 15:11:52,336 [ModalContext] INFO  o.e.m.c.i.e.AbstractTransferListenerAdapter - Downloaded https://repo.maven.apache.org/maven2/org/apache/maven/archetypes/maven-archetype-bundles/4/maven-archetype-bundles-4.pom
2024-08-01 15:11:52,352 [ModalContext] INFO  o.e.m.c.i.e.AbstractTransferListenerAdapter - Downloading https://repo.maven.apache.org/maven2/org/apache/maven/archetype/maven-archetype/2.0-alpha-5/maven-archetype-2.0-alpha-5.pom
2024-08-01 15:11:52,359 [ModalContext] INFO  o.e.m.c.i.e.AbstractTransferListenerAdapter - Downloaded https://repo.maven.apache.org/maven2/org/apache/maven/archetype/maven-archetype/2.0-alpha-5/maven-archetype-2.0-alpha-5.pom
2024-08-01 15:11:52,378 [ModalContext] INFO  o.e.m.c.i.e.AbstractTransferListenerAdapter - Downloading https://repo.maven.apache.org/maven2/org/apache/maven/maven-parent/16/maven-parent-16.pom
2024-08-01 15:11:52,386 [ModalContext] INFO  o.e.m.c.i.e.AbstractTransferListenerAdapter - Downloaded https://repo.maven.apache.org/maven2/org/apache/maven/maven-parent/16/maven-parent-16.pom
2024-08-01 15:11:52,405 [ModalContext] INFO  o.e.m.c.i.e.AbstractTransferListenerAdapter - Downloading https://repo.maven.apache.org/maven2/org/apache/maven/archetypes/maven-archetype-quickstart/1.1/maven-archetype-quickstart-1.1.jar
2024-08-01 15:11:52,410 [ModalContext] INFO  o.e.m.c.i.e.AbstractTransferListenerAdapter - Downloaded https://repo.maven.apache.org/maven2/org/apache/maven/archetypes/maven-archetype-quickstart/1.1/maven-archetype-quickstart-1.1.jar
2024-08-01 15:33:23,916 [Worker-29: Building] INFO  o.e.m.c.i.l.LifecycleMappingFactory - Using org.eclipse.m2e.jdt.JarLifecycleMapping lifecycle mapping for MavenProject: com.jspiders:hibernate:0.0.1-SNAPSHOT @ D:\JWA-JFFADD-A4\hibernate\pom.xml.
2024-08-01 15:33:24,289 [Worker-29: Building] INFO  o.e.m.c.i.embedder.EclipseLogger - Using 'UTF-8' encoding to copy filtered resources.
2024-08-01 15:33:24,289 [Worker-29: Building] INFO  o.e.m.c.i.embedder.EclipseLogger - skip non existing resourceDirectory D:\JWA-JFFADD-A4\hibernate\src\main\resources
2024-08-01 15:33:24,291 [Worker-29: Building] INFO  o.e.m.c.i.embedder.EclipseLogger - Using 'UTF-8' encoding to copy filtered resources.
2024-08-01 15:33:24,292 [Worker-29: Building] INFO  o.e.m.c.i.embedder.EclipseLogger - skip non existing resourceDirectory D:\JWA-JFFADD-A4\hibernate\src\test\resources
2024-08-01 15:33:25,537 [Worker-36: Building] INFO  o.e.m.c.i.embedder.EclipseLogger - Using 'UTF-8' encoding to copy filtered resources.
2024-08-01 15:33:25,537 [Worker-36: Building] INFO  o.e.m.c.i.embedder.EclipseLogger - skip non existing resourceDirectory D:\JWA-JFFADD-A4\hibernate\src\main\resources
2024-08-01 15:33:25,540 [Worker-36: Building] INFO  o.e.m.c.i.embedder.EclipseLogger - Using 'UTF-8' encoding to copy filtered resources.
2024-08-01 15:33:25,540 [Worker-36: Building] INFO  o.e.m.c.i.embedder.EclipseLogger - skip non existing resourceDirectory D:\JWA-JFFADD-A4\hibernate\src\test\resources
2024-08-01 15:51:19,737 [Worker-40: Building] INFO  o.e.m.c.i.embedder.EclipseLogger - Using 'UTF-8' encoding to copy filtered resources.
2024-08-01 15:51:19,737 [Worker-40: Building] INFO  o.e.m.c.i.embedder.EclipseLogger - skip non existing resourceDirectory D:\JWA-JFFADD-A4\hibernate\src\main\resources
2024-08-01 15:51:19,740 [Worker-40: Building] INFO  o.e.m.c.i.embedder.EclipseLogger - Using 'UTF-8' encoding to copy filtered resources.
2024-08-01 15:51:19,752 [Worker-40: Building] INFO  o.e.m.c.i.embedder.EclipseLogger - Copying 0 resource
2024-08-01 15:54:25,193 [Worker-43: Launching mavenrun-3c963dca-3b10-46ed-8a17-42d72b160022] INFO  o.eclipse.m2e.core.internal.Bundles - getClasspathEntries(Bundle=org.eclipse.m2e.maven.runtime_3.9.700.20240602-2313 [642])
2024-08-01 15:54:25,195 [Worker-43: Launching mavenrun-3c963dca-3b10-46ed-8a17-42d72b160022] INFO  o.eclipse.m2e.core.internal.Bundles - 	Entry: C:\Users\akash\.p2\pool\plugins\org.eclipse.m2e.maven.runtime_3.9.700.20240602-2313
2024-08-01 15:54:25,195 [Worker-43: Launching mavenrun-3c963dca-3b10-46ed-8a17-42d72b160022] INFO  o.eclipse.m2e.core.internal.Bundles - 	Entry: C:\Users\akash\.p2\pool\plugins\org.eclipse.m2e.maven.runtime_3.9.700.20240602-2313\jars\aopalliance-1.0.jar
2024-08-01 15:54:25,196 [Worker-43: Launching mavenrun-3c963dca-3b10-46ed-8a17-42d72b160022] INFO  o.eclipse.m2e.core.internal.Bundles - 	Entry: C:\Users\akash\.p2\pool\plugins\org.eclipse.m2e.maven.runtime_3.9.700.20240602-2313\jars\guice-5.1.0.jar
2024-08-01 15:54:25,196 [Worker-43: Launching mavenrun-3c963dca-3b10-46ed-8a17-42d72b160022] INFO  o.eclipse.m2e.core.internal.Bundles - 	Entry: C:\Users\akash\.p2\pool\plugins\org.eclipse.m2e.maven.runtime_3.9.700.20240602-2313\jars\httpclient-4.5.14.jar
2024-08-01 15:54:25,196 [Worker-43: Launching mavenrun-3c963dca-3b10-46ed-8a17-42d72b160022] INFO  o.eclipse.m2e.core.internal.Bundles - 	Entry: C:\Users\akash\.p2\pool\plugins\org.eclipse.m2e.maven.runtime_3.9.700.20240602-2313\jars\httpcore-4.4.16.jar
2024-08-01 15:54:25,196 [Worker-43: Launching mavenrun-3c963dca-3b10-46ed-8a17-42d72b160022] INFO  o.eclipse.m2e.core.internal.Bundles - 	Entry: C:\Users\akash\.p2\pool\plugins\org.eclipse.m2e.maven.runtime_3.9.700.20240602-2313\jars\jansi-2.4.1.jar
2024-08-01 15:54:25,196 [Worker-43: Launching mavenrun-3c963dca-3b10-46ed-8a17-42d72b160022] INFO  o.eclipse.m2e.core.internal.Bundles - 	Entry: C:\Users\akash\.p2\pool\plugins\org.eclipse.m2e.maven.runtime_3.9.700.20240602-2313\jars\jcl-over-slf4j-1.7.36.jar
2024-08-01 15:54:25,196 [Worker-43: Launching mavenrun-3c963dca-3b10-46ed-8a17-42d72b160022] INFO  o.eclipse.m2e.core.internal.Bundles - 	Entry: C:\Users\akash\.p2\pool\plugins\org.eclipse.m2e.maven.runtime_3.9.700.20240602-2313\jars\maven-artifact-3.9.7.jar
2024-08-01 15:54:25,196 [Worker-43: Launching mavenrun-3c963dca-3b10-46ed-8a17-42d72b160022] INFO  o.eclipse.m2e.core.internal.Bundles - 	Entry: C:\Users\akash\.p2\pool\plugins\org.eclipse.m2e.maven.runtime_3.9.700.20240602-2313\jars\maven-builder-support-3.9.7.jar
2024-08-01 15:54:25,196 [Worker-43: Launching mavenrun-3c963dca-3b10-46ed-8a17-42d72b160022] INFO  o.eclipse.m2e.core.internal.Bundles - 	Entry: C:\Users\akash\.p2\pool\plugins\org.eclipse.m2e.maven.runtime_3.9.700.20240602-2313\jars\maven-compat-3.9.7.jar
2024-08-01 15:54:25,196 [Worker-43: Launching mavenrun-3c963dca-3b10-46ed-8a17-42d72b160022] INFO  o.eclipse.m2e.core.internal.Bundles - 	Entry: C:\Users\akash\.p2\pool\plugins\org.eclipse.m2e.maven.runtime_3.9.700.20240602-2313\jars\maven-core-3.9.7.jar
2024-08-01 15:54:25,196 [Worker-43: Launching mavenrun-3c963dca-3b10-46ed-8a17-42d72b160022] INFO  o.eclipse.m2e.core.internal.Bundles - 	Entry: C:\Users\akash\.p2\pool\plugins\org.eclipse.m2e.maven.runtime_3.9.700.20240602-2313\jars\maven-embedder-3.9.7.jar
2024-08-01 15:54:25,196 [Worker-43: Launching mavenrun-3c963dca-3b10-46ed-8a17-42d72b160022] INFO  o.eclipse.m2e.core.internal.Bundles - 	Entry: C:\Users\akash\.p2\pool\plugins\org.eclipse.m2e.maven.runtime_3.9.700.20240602-2313\jars\maven-model-3.9.7.jar
2024-08-01 15:54:25,196 [Worker-43: Launching mavenrun-3c963dca-3b10-46ed-8a17-42d72b160022] INFO  o.eclipse.m2e.core.internal.Bundles - 	Entry: C:\Users\akash\.p2\pool\plugins\org.eclipse.m2e.maven.runtime_3.9.700.20240602-2313\jars\maven-model-builder-3.9.7.jar
2024-08-01 15:54:25,196 [Worker-43: Launching mavenrun-3c963dca-3b10-46ed-8a17-42d72b160022] INFO  o.eclipse.m2e.core.internal.Bundles - 	Entry: C:\Users\akash\.p2\pool\plugins\org.eclipse.m2e.maven.runtime_3.9.700.20240602-2313\jars\maven-plugin-api-3.9.7.jar
2024-08-01 15:54:25,197 [Worker-43: Launching mavenrun-3c963dca-3b10-46ed-8a17-42d72b160022] INFO  o.eclipse.m2e.core.internal.Bundles - 	Entry: C:\Users\akash\.p2\pool\plugins\org.eclipse.m2e.maven.runtime_3.9.700.20240602-2313\jars\maven-repository-metadata-3.9.7.jar
2024-08-01 15:54:25,197 [Worker-43: Launching mavenrun-3c963dca-3b10-46ed-8a17-42d72b160022] INFO  o.eclipse.m2e.core.internal.Bundles - 	Entry: C:\Users\akash\.p2\pool\plugins\org.eclipse.m2e.maven.runtime_3.9.700.20240602-2313\jars\maven-resolver-api-1.9.20.jar
2024-08-01 15:54:25,197 [Worker-43: Launching mavenrun-3c963dca-3b10-46ed-8a17-42d72b160022] INFO  o.eclipse.m2e.core.internal.Bundles - 	Entry: C:\Users\akash\.p2\pool\plugins\org.eclipse.m2e.maven.runtime_3.9.700.20240602-2313\jars\maven-resolver-connector-basic-1.9.20.jar
2024-08-01 15:54:25,197 [Worker-43: Launching mavenrun-3c963dca-3b10-46ed-8a17-42d72b160022] INFO  o.eclipse.m2e.core.internal.Bundles - 	Entry: C:\Users\akash\.p2\pool\plugins\org.eclipse.m2e.maven.runtime_3.9.700.20240602-2313\jars\maven-resolver-impl-1.9.20.jar
2024-08-01 15:54:25,197 [Worker-43: Launching mavenrun-3c963dca-3b10-46ed-8a17-42d72b160022] INFO  o.eclipse.m2e.core.internal.Bundles - 	Entry: C:\Users\akash\.p2\pool\plugins\org.eclipse.m2e.maven.runtime_3.9.700.20240602-2313\jars\maven-resolver-named-locks-1.9.20.jar
2024-08-01 15:54:25,197 [Worker-43: Launching mavenrun-3c963dca-3b10-46ed-8a17-42d72b160022] INFO  o.eclipse.m2e.core.internal.Bundles - 	Entry: C:\Users\akash\.p2\pool\plugins\org.eclipse.m2e.maven.runtime_3.9.700.20240602-2313\jars\maven-resolver-provider-3.9.7.jar
2024-08-01 15:54:25,197 [Worker-43: Launching mavenrun-3c963dca-3b10-46ed-8a17-42d72b160022] INFO  o.eclipse.m2e.core.internal.Bundles - 	Entry: C:\Users\akash\.p2\pool\plugins\org.eclipse.m2e.maven.runtime_3.9.700.20240602-2313\jars\maven-resolver-spi-1.9.20.jar
2024-08-01 15:54:25,197 [Worker-43: Launching mavenrun-3c963dca-3b10-46ed-8a17-42d72b160022] INFO  o.eclipse.m2e.core.internal.Bundles - 	Entry: C:\Users\akash\.p2\pool\plugins\org.eclipse.m2e.maven.runtime_3.9.700.20240602-2313\jars\maven-resolver-transport-file-1.9.20.jar
2024-08-01 15:54:25,198 [Worker-43: Launching mavenrun-3c963dca-3b10-46ed-8a17-42d72b160022] INFO  o.eclipse.m2e.core.internal.Bundles - 	Entry: C:\Users\akash\.p2\pool\plugins\org.eclipse.m2e.maven.runtime_3.9.700.20240602-2313\jars\maven-resolver-transport-http-1.9.20.jar
2024-08-01 15:54:25,198 [Worker-43: Launching mavenrun-3c963dca-3b10-46ed-8a17-42d72b160022] INFO  o.eclipse.m2e.core.internal.Bundles - 	Entry: C:\Users\akash\.p2\pool\plugins\org.eclipse.m2e.maven.runtime_3.9.700.20240602-2313\jars\maven-resolver-transport-wagon-1.9.20.jar
2024-08-01 15:54:25,198 [Worker-43: Launching mavenrun-3c963dca-3b10-46ed-8a17-42d72b160022] INFO  o.eclipse.m2e.core.internal.Bundles - 	Entry: C:\Users\akash\.p2\pool\plugins\org.eclipse.m2e.maven.runtime_3.9.700.20240602-2313\jars\maven-resolver-util-1.9.20.jar
2024-08-01 15:54:25,198 [Worker-43: Launching mavenrun-3c963dca-3b10-46ed-8a17-42d72b160022] INFO  o.eclipse.m2e.core.internal.Bundles - 	Entry: C:\Users\akash\.p2\pool\plugins\org.eclipse.m2e.maven.runtime_3.9.700.20240602-2313\jars\maven-settings-3.9.7.jar
2024-08-01 15:54:25,199 [Worker-43: Launching mavenrun-3c963dca-3b10-46ed-8a17-42d72b160022] INFO  o.eclipse.m2e.core.internal.Bundles - 	Entry: C:\Users\akash\.p2\pool\plugins\org.eclipse.m2e.maven.runtime_3.9.700.20240602-2313\jars\maven-settings-builder-3.9.7.jar
2024-08-01 15:54:25,199 [Worker-43: Launching mavenrun-3c963dca-3b10-46ed-8a17-42d72b160022] INFO  o.eclipse.m2e.core.internal.Bundles - 	Entry: C:\Users\akash\.p2\pool\plugins\org.eclipse.m2e.maven.runtime_3.9.700.20240602-2313\jars\maven-shared-utils-3.4.2.jar
2024-08-01 15:54:25,200 [Worker-43: Launching mavenrun-3c963dca-3b10-46ed-8a17-42d72b160022] INFO  o.eclipse.m2e.core.internal.Bundles - 	Entry: C:\Users\akash\.p2\pool\plugins\org.eclipse.m2e.maven.runtime_3.9.700.20240602-2313\jars\org.eclipse.sisu.inject-0.9.0.M2.jar
2024-08-01 15:54:25,200 [Worker-43: Launching mavenrun-3c963dca-3b10-46ed-8a17-42d72b160022] INFO  o.eclipse.m2e.core.internal.Bundles - 	Entry: C:\Users\akash\.p2\pool\plugins\org.eclipse.m2e.maven.runtime_3.9.700.20240602-2313\jars\org.eclipse.sisu.plexus-0.9.0.M2.jar
2024-08-01 15:54:25,200 [Worker-43: Launching mavenrun-3c963dca-3b10-46ed-8a17-42d72b160022] INFO  o.eclipse.m2e.core.internal.Bundles - 	Entry: C:\Users\akash\.p2\pool\plugins\org.eclipse.m2e.maven.runtime_3.9.700.20240602-2313\jars\plexus-build-api-0.0.7.jar
2024-08-01 15:54:25,200 [Worker-43: Launching mavenrun-3c963dca-3b10-46ed-8a17-42d72b160022] INFO  o.eclipse.m2e.core.internal.Bundles - 	Entry: C:\Users\akash\.p2\pool\plugins\org.eclipse.m2e.maven.runtime_3.9.700.20240602-2313\jars\plexus-build-api-1.2.0.jar
2024-08-01 15:54:25,200 [Worker-43: Launching mavenrun-3c963dca-3b10-46ed-8a17-42d72b160022] INFO  o.eclipse.m2e.core.internal.Bundles - 	Entry: C:\Users\akash\.p2\pool\plugins\org.eclipse.m2e.maven.runtime_3.9.700.20240602-2313\jars\plexus-cipher-2.0.jar
2024-08-01 15:54:25,200 [Worker-43: Launching mavenrun-3c963dca-3b10-46ed-8a17-42d72b160022] INFO  o.eclipse.m2e.core.internal.Bundles - 	Entry: C:\Users\akash\.p2\pool\plugins\org.eclipse.m2e.maven.runtime_3.9.700.20240602-2313\jars\plexus-classworlds-2.8.0.jar
2024-08-01 15:54:25,200 [Worker-43: Launching mavenrun-3c963dca-3b10-46ed-8a17-42d72b160022] INFO  o.eclipse.m2e.core.internal.Bundles - 	Entry: C:\Users\akash\.p2\pool\plugins\org.eclipse.m2e.maven.runtime_3.9.700.20240602-2313\jars\plexus-component-annotations-2.1.0.jar
2024-08-01 15:54:25,200 [Worker-43: Launching mavenrun-3c963dca-3b10-46ed-8a17-42d72b160022] INFO  o.eclipse.m2e.core.internal.Bundles - 	Entry: C:\Users\akash\.p2\pool\plugins\org.eclipse.m2e.maven.runtime_3.9.700.20240602-2313\jars\plexus-interpolation-1.27.jar
2024-08-01 15:54:25,200 [Worker-43: Launching mavenrun-3c963dca-3b10-46ed-8a17-42d72b160022] INFO  o.eclipse.m2e.core.internal.Bundles - 	Entry: C:\Users\akash\.p2\pool\plugins\org.eclipse.m2e.maven.runtime_3.9.700.20240602-2313\jars\plexus-sec-dispatcher-2.0.jar
2024-08-01 15:54:25,200 [Worker-43: Launching mavenrun-3c963dca-3b10-46ed-8a17-42d72b160022] INFO  o.eclipse.m2e.core.internal.Bundles - 	Entry: C:\Users\akash\.p2\pool\plugins\org.eclipse.m2e.maven.runtime_3.9.700.20240602-2313\jars\plexus-utils-3.5.1.jar
2024-08-01 15:54:25,201 [Worker-43: Launching mavenrun-3c963dca-3b10-46ed-8a17-42d72b160022] INFO  o.eclipse.m2e.core.internal.Bundles - 	Entry: C:\Users\akash\.p2\pool\plugins\org.eclipse.m2e.maven.runtime_3.9.700.20240602-2313\jars\wagon-file-3.5.3.jar
2024-08-01 15:54:25,201 [Worker-43: Launching mavenrun-3c963dca-3b10-46ed-8a17-42d72b160022] INFO  o.eclipse.m2e.core.internal.Bundles - 	Entry: C:\Users\akash\.p2\pool\plugins\org.eclipse.m2e.maven.runtime_3.9.700.20240602-2313\jars\wagon-http-3.5.3.jar
2024-08-01 15:54:25,201 [Worker-43: Launching mavenrun-3c963dca-3b10-46ed-8a17-42d72b160022] INFO  o.eclipse.m2e.core.internal.Bundles - 	Entry: C:\Users\akash\.p2\pool\plugins\org.eclipse.m2e.maven.runtime_3.9.700.20240602-2313\jars\wagon-http-shared-3.5.3.jar
2024-08-01 15:54:25,201 [Worker-43: Launching mavenrun-3c963dca-3b10-46ed-8a17-42d72b160022] INFO  o.eclipse.m2e.core.internal.Bundles - 	Entry: C:\Users\akash\.p2\pool\plugins\org.eclipse.m2e.maven.runtime_3.9.700.20240602-2313\jars\wagon-provider-api-3.5.3.jar
2024-08-01 15:54:25,201 [Worker-43: Launching mavenrun-3c963dca-3b10-46ed-8a17-42d72b160022] INFO  o.eclipse.m2e.core.internal.Bundles - getClasspathEntries(Bundle=com.google.guava_33.2.0.jre [16])
2024-08-01 15:54:25,201 [Worker-43: Launching mavenrun-3c963dca-3b10-46ed-8a17-42d72b160022] INFO  o.eclipse.m2e.core.internal.Bundles - 	Entry: C:\Users\akash\.p2\pool\plugins\com.google.guava_33.2.0.jre.jar
2024-08-01 15:54:25,201 [Worker-43: Launching mavenrun-3c963dca-3b10-46ed-8a17-42d72b160022] INFO  o.eclipse.m2e.core.internal.Bundles - getClasspathEntries(Bundle=slf4j.api_2.0.13 [1007])
2024-08-01 15:54:25,201 [Worker-43: Launching mavenrun-3c963dca-3b10-46ed-8a17-42d72b160022] INFO  o.eclipse.m2e.core.internal.Bundles - 	Entry: C:\Users\akash\.p2\pool\plugins\slf4j.api_2.0.13.jar
2024-08-01 15:54:25,201 [Worker-43: Launching mavenrun-3c963dca-3b10-46ed-8a17-42d72b160022] INFO  o.eclipse.m2e.core.internal.Bundles - getClasspathEntries(Bundle=jakarta.inject.jakarta.inject-api_1.0.5 [33])
2024-08-01 15:54:25,202 [Worker-43: Launching mavenrun-3c963dca-3b10-46ed-8a17-42d72b160022] INFO  o.eclipse.m2e.core.internal.Bundles - 	Entry: C:\Users\akash\.p2\pool\plugins\jakarta.inject.jakarta.inject-api_1.0.5.jar
2024-08-01 15:54:25,202 [Worker-43: Launching mavenrun-3c963dca-3b10-46ed-8a17-42d72b160022] INFO  o.eclipse.m2e.core.internal.Bundles - getClasspathEntries(Bundle=javax.annotation_1.3.5.v20200909-1856 [44])
2024-08-01 15:54:25,202 [Worker-43: Launching mavenrun-3c963dca-3b10-46ed-8a17-42d72b160022] INFO  o.eclipse.m2e.core.internal.Bundles - 	Entry: C:\Users\akash\.p2\pool\plugins\javax.annotation_1.3.5.v20200909-1856.jar
2024-08-01 15:54:25,202 [Worker-43: Launching mavenrun-3c963dca-3b10-46ed-8a17-42d72b160022] INFO  o.eclipse.m2e.core.internal.Bundles - getClasspathEntries(Bundle=org.apache.commons.cli_1.8.0 [78])
2024-08-01 15:54:25,202 [Worker-43: Launching mavenrun-3c963dca-3b10-46ed-8a17-42d72b160022] INFO  o.eclipse.m2e.core.internal.Bundles - 	Entry: C:\Users\akash\.p2\pool\plugins\org.apache.commons.cli_1.8.0.jar
2024-08-01 15:54:25,202 [Worker-43: Launching mavenrun-3c963dca-3b10-46ed-8a17-42d72b160022] INFO  o.eclipse.m2e.core.internal.Bundles - getClasspathEntries(Bundle=org.apache.commons.commons-codec_1.16.0 [81])
2024-08-01 15:54:25,203 [Worker-43: Launching mavenrun-3c963dca-3b10-46ed-8a17-42d72b160022] INFO  o.eclipse.m2e.core.internal.Bundles - 	Entry: C:\Users\akash\.p2\pool\plugins\org.apache.commons.commons-codec_1.16.0.jar
2024-08-01 15:54:25,203 [Worker-43: Launching mavenrun-3c963dca-3b10-46ed-8a17-42d72b160022] INFO  o.eclipse.m2e.core.internal.Bundles - getClasspathEntries(Bundle=org.apache.commons.lang3_3.14.0 [89])
2024-08-01 15:54:25,203 [Worker-43: Launching mavenrun-3c963dca-3b10-46ed-8a17-42d72b160022] INFO  o.eclipse.m2e.core.internal.Bundles - 	Entry: C:\Users\akash\.p2\pool\plugins\org.apache.commons.lang3_3.14.0.jar
2024-08-01 15:54:25,203 [Worker-43: Launching mavenrun-3c963dca-3b10-46ed-8a17-42d72b160022] INFO  o.eclipse.m2e.core.internal.Bundles - getClasspathEntries(Bundle=com.google.guava.failureaccess_1.0.2 [17])
2024-08-01 15:54:25,204 [Worker-43: Launching mavenrun-3c963dca-3b10-46ed-8a17-42d72b160022] INFO  o.eclipse.m2e.core.internal.Bundles - 	Entry: C:\Users\akash\.p2\pool\plugins\com.google.guava.failureaccess_1.0.2.jar
2024-08-01 15:54:25,205 [Worker-43: Launching mavenrun-3c963dca-3b10-46ed-8a17-42d72b160022] INFO  o.e.m.i.launch.MavenLaunchDelegate - Run build in "C:\Users\akash\AppData\Local\Temp\m2e-archetypeGenerator171338388154716440":
2024-08-01 15:54:25,205 [Worker-43: Launching mavenrun-3c963dca-3b10-46ed-8a17-42d72b160022] INFO  o.e.m.i.launch.MavenLaunchDelegate -  mvn  -DarchetypeGroupId=org.apache.maven.archetypes -DarchetypeArtifactId=maven-archetype-quickstart -DarchetypeVersion=1.4 -DgroupId=com.jspiders -DartifactId=hibernate -Dversion=0.0.1-SNAPSHOT -Dpackage=com.jspiders.hibernate -DoutputDirectory=D:\JWA-JFFADD-A4 -B -Dstyle.color=always -U archetype:generate
2024-08-01 15:54:31,629 [Worker-40: Creating maven-archetype-quickstart] INFO  o.e.m.c.i.p.ProjectConfigurationManager - Collecting project info '/pom.xml' D:\JWA-JFFADD-A4\hibernate\pom.xml
2024-08-01 15:54:32,199 [Worker-40: Creating maven-archetype-quickstart] INFO  o.e.m.c.i.l.LifecycleMappingFactory - Using org.eclipse.m2e.jdt.JarLifecycleMapping lifecycle mapping for MavenProject: com.jspiders:hibernate:0.0.1-SNAPSHOT @ D:\JWA-JFFADD-A4\hibernate\pom.xml.
2024-08-01 15:54:32,605 [Worker-40: Creating maven-archetype-quickstart] INFO  o.e.m.j.i.AbstractJavaProjectConfigurator - Adding source folder /hibernate/src/main/java
2024-08-01 15:54:32,606 [Worker-40: Creating maven-archetype-quickstart] INFO  o.e.m.j.i.AbstractJavaProjectConfigurator - Adding resource folder /hibernate/src/main/resources
2024-08-01 15:54:32,612 [Worker-40: Creating maven-archetype-quickstart] INFO  o.e.m.j.i.AbstractJavaProjectConfigurator - Adding source folder /hibernate/src/test/java
2024-08-01 15:54:32,613 [Worker-40: Creating maven-archetype-quickstart] INFO  o.e.m.j.i.AbstractJavaProjectConfigurator - Adding resource folder /hibernate/src/test/resources
2024-08-01 15:54:32,672 [Worker-40: Creating maven-archetype-quickstart] INFO  o.e.m.c.i.p.ProjectConfigurationManager - Imported and configured 1 project(s) in 1 sec
2024-08-01 15:54:32,967 [Worker-45: Building] INFO  o.e.m.c.i.embedder.EclipseLogger - Using 'UTF-8' encoding to copy filtered resources.
2024-08-01 15:54:32,968 [Worker-45: Building] INFO  o.e.m.c.i.embedder.EclipseLogger - skip non existing resourceDirectory D:\JWA-JFFADD-A4\hibernate\src\main\resources
2024-08-01 15:54:32,972 [Worker-45: Building] INFO  o.e.m.c.i.embedder.EclipseLogger - Using 'UTF-8' encoding to copy filtered resources.
2024-08-01 15:54:32,972 [Worker-45: Building] INFO  o.e.m.c.i.embedder.EclipseLogger - skip non existing resourceDirectory D:\JWA-JFFADD-A4\hibernate\src\test\resources
2024-08-01 15:56:02,110 [Worker-50: Building] INFO  o.e.m.c.i.embedder.EclipseLogger - Using 'UTF-8' encoding to copy filtered resources.
2024-08-01 15:56:02,111 [Worker-50: Building] INFO  o.e.m.c.i.embedder.EclipseLogger - Copying 0 resource
2024-08-01 15:56:02,113 [Worker-50: Building] INFO  o.e.m.c.i.embedder.EclipseLogger - Using 'UTF-8' encoding to copy filtered resources.
2024-08-01 15:56:02,113 [Worker-50: Building] INFO  o.e.m.c.i.embedder.EclipseLogger - Copying 0 resource
2024-08-01 15:57:33,274 [Worker-49: Building] INFO  o.e.m.c.i.embedder.EclipseLogger - Using 'UTF-8' encoding to copy filtered resources.
2024-08-01 15:57:33,277 [Worker-49: Building] INFO  o.e.m.c.i.embedder.EclipseLogger - Copying 1 resource
2024-08-01 15:57:33,285 [Worker-49: Building] INFO  o.e.m.c.i.embedder.EclipseLogger - Using 'UTF-8' encoding to copy filtered resources.
2024-08-01 15:57:33,285 [Worker-49: Building] INFO  o.e.m.c.i.embedder.EclipseLogger - Copying 0 resource
2024-08-01 15:58:53,030 [Worker-42: Building] INFO  o.e.m.c.i.embedder.EclipseLogger - Using 'UTF-8' encoding to copy filtered resources.
2024-08-01 15:58:53,031 [Worker-42: Building] INFO  o.e.m.c.i.embedder.EclipseLogger - Copying 1 resource
2024-08-01 15:58:53,033 [Worker-42: Building] INFO  o.e.m.c.i.embedder.EclipseLogger - Using 'UTF-8' encoding to copy filtered resources.
2024-08-01 15:58:53,033 [Worker-42: Building] INFO  o.e.m.c.i.embedder.EclipseLogger - Copying 0 resource
2024-08-01 15:59:31,822 [Worker-51: Building] INFO  o.e.m.c.i.l.LifecycleMappingFactory - Using org.eclipse.m2e.jdt.JarLifecycleMapping lifecycle mapping for MavenProject: com.jspiders:hibernate:0.0.1-SNAPSHOT @ D:\JWA-JFFADD-A4\hibernate\pom.xml.
2024-08-01 15:59:32,024 [Worker-51: Building] INFO  o.e.m.c.i.embedder.EclipseLogger - Using 'UTF-8' encoding to copy filtered resources.
2024-08-01 15:59:32,026 [Worker-51: Building] INFO  o.e.m.c.i.embedder.EclipseLogger - Copying 1 resource
2024-08-01 15:59:32,031 [Worker-51: Building] INFO  o.e.m.c.i.embedder.EclipseLogger - Using 'UTF-8' encoding to copy filtered resources.
2024-08-01 15:59:32,031 [Worker-51: Building] INFO  o.e.m.c.i.embedder.EclipseLogger - Copying 0 resource
2024-08-01 15:59:32,548 [Worker-49: Building] INFO  o.e.m.c.i.embedder.EclipseLogger - Using 'UTF-8' encoding to copy filtered resources.
2024-08-01 15:59:32,550 [Worker-49: Building] INFO  o.e.m.c.i.embedder.EclipseLogger - Copying 1 resource
2024-08-01 15:59:32,560 [Worker-49: Building] INFO  o.e.m.c.i.embedder.EclipseLogger - Using 'UTF-8' encoding to copy filtered resources.
2024-08-01 15:59:32,560 [Worker-49: Building] INFO  o.e.m.c.i.embedder.EclipseLogger - Copying 0 resource
2024-08-01 15:59:49,661 [Worker-42: Building] INFO  o.e.m.c.i.embedder.EclipseLogger - Using 'UTF-8' encoding to copy filtered resources.
2024-08-01 15:59:49,661 [Worker-42: Building] INFO  o.e.m.c.i.embedder.EclipseLogger - Copying 1 resource
2024-08-01 15:59:49,663 [Worker-42: Building] INFO  o.e.m.c.i.embedder.EclipseLogger - Using 'UTF-8' encoding to copy filtered resources.
2024-08-01 15:59:49,664 [Worker-42: Building] INFO  o.e.m.c.i.embedder.EclipseLogger - Copying 0 resource
2024-08-01 16:01:59,404 [Worker-42: Building] INFO  o.e.m.c.i.embedder.EclipseLogger - Using 'UTF-8' encoding to copy filtered resources.
2024-08-01 16:01:59,405 [Worker-42: Building] INFO  o.e.m.c.i.embedder.EclipseLogger - Copying 1 resource
2024-08-01 16:01:59,408 [Worker-42: Building] INFO  o.e.m.c.i.embedder.EclipseLogger - Using 'UTF-8' encoding to copy filtered resources.
2024-08-01 16:01:59,408 [Worker-42: Building] INFO  o.e.m.c.i.embedder.EclipseLogger - Copying 0 resource
2024-08-01 16:02:01,714 [Worker-43: Building] INFO  o.e.m.c.i.embedder.EclipseLogger - Using 'UTF-8' encoding to copy filtered resources.
2024-08-01 16:02:01,715 [Worker-43: Building] INFO  o.e.m.c.i.embedder.EclipseLogger - Copying 1 resource
2024-08-01 16:02:01,717 [Worker-43: Building] INFO  o.e.m.c.i.embedder.EclipseLogger - Using 'UTF-8' encoding to copy filtered resources.
2024-08-01 16:02:01,718 [Worker-43: Building] INFO  o.e.m.c.i.embedder.EclipseLogger - Copying 0 resource
2024-08-01 16:02:21,836 [Worker-43: Building] INFO  o.e.m.c.i.embedder.EclipseLogger - Using 'UTF-8' encoding to copy filtered resources.
2024-08-01 16:02:21,836 [Worker-43: Building] INFO  o.e.m.c.i.embedder.EclipseLogger - Copying 1 resource
2024-08-01 16:02:21,838 [Worker-43: Building] INFO  o.e.m.c.i.embedder.EclipseLogger - Using 'UTF-8' encoding to copy filtered resources.
2024-08-01 16:02:21,838 [Worker-43: Building] INFO  o.e.m.c.i.embedder.EclipseLogger - Copying 0 resource
2024-08-01 16:02:52,515 [Worker-43: Building] INFO  o.e.m.c.i.embedder.EclipseLogger - Using 'UTF-8' encoding to copy filtered resources.
2024-08-01 16:02:52,516 [Worker-43: Building] INFO  o.e.m.c.i.embedder.EclipseLogger - Copying 1 resource
2024-08-01 16:02:52,519 [Worker-43: Building] INFO  o.e.m.c.i.embedder.EclipseLogger - Using 'UTF-8' encoding to copy filtered resources.
2024-08-01 16:02:52,519 [Worker-43: Building] INFO  o.e.m.c.i.embedder.EclipseLogger - Copying 0 resource
2024-08-01 16:02:56,574 [Worker-49: Building] INFO  o.e.m.c.i.embedder.EclipseLogger - Using 'UTF-8' encoding to copy filtered resources.
2024-08-01 16:02:56,575 [Worker-49: Building] INFO  o.e.m.c.i.embedder.EclipseLogger - Copying 1 resource
2024-08-01 16:02:56,578 [Worker-49: Building] INFO  o.e.m.c.i.embedder.EclipseLogger - Using 'UTF-8' encoding to copy filtered resources.
2024-08-01 16:02:56,578 [Worker-49: Building] INFO  o.e.m.c.i.embedder.EclipseLogger - Copying 0 resource
2024-08-01 16:03:25,221 [Worker-43: Building] INFO  o.e.m.c.i.embedder.EclipseLogger - Using 'UTF-8' encoding to copy filtered resources.
2024-08-01 16:03:25,222 [Worker-43: Building] INFO  o.e.m.c.i.embedder.EclipseLogger - Copying 1 resource
2024-08-01 16:03:25,225 [Worker-43: Building] INFO  o.e.m.c.i.embedder.EclipseLogger - Using 'UTF-8' encoding to copy filtered resources.
2024-08-01 16:03:25,225 [Worker-43: Building] INFO  o.e.m.c.i.embedder.EclipseLogger - Copying 0 resource
2024-08-01 16:04:07,495 [Worker-49: Building] INFO  o.e.m.c.i.embedder.EclipseLogger - Using 'UTF-8' encoding to copy filtered resources.
2024-08-01 16:04:07,495 [Worker-49: Building] INFO  o.e.m.c.i.embedder.EclipseLogger - Copying 1 resource
2024-08-01 16:04:07,498 [Worker-49: Building] INFO  o.e.m.c.i.embedder.EclipseLogger - Using 'UTF-8' encoding to copy filtered resources.
2024-08-01 16:04:07,499 [Worker-49: Building] INFO  o.e.m.c.i.embedder.EclipseLogger - Copying 0 resource
2024-08-01 16:04:54,572 [Worker-49: Building] INFO  o.e.m.c.i.embedder.EclipseLogger - Using 'UTF-8' encoding to copy filtered resources.
2024-08-01 16:04:54,573 [Worker-49: Building] INFO  o.e.m.c.i.embedder.EclipseLogger - Copying 1 resource
2024-08-01 16:04:54,576 [Worker-49: Building] INFO  o.e.m.c.i.embedder.EclipseLogger - Using 'UTF-8' encoding to copy filtered resources.
2024-08-01 16:04:54,576 [Worker-49: Building] INFO  o.e.m.c.i.embedder.EclipseLogger - Copying 0 resource
2024-08-01 16:05:27,270 [Worker-49: Building] INFO  o.e.m.c.i.embedder.EclipseLogger - Using 'UTF-8' encoding to copy filtered resources.
2024-08-01 16:05:27,271 [Worker-49: Building] INFO  o.e.m.c.i.embedder.EclipseLogger - Copying 1 resource
2024-08-01 16:05:27,274 [Worker-49: Building] INFO  o.e.m.c.i.embedder.EclipseLogger - Using 'UTF-8' encoding to copy filtered resources.
2024-08-01 16:05:27,274 [Worker-49: Building] INFO  o.e.m.c.i.embedder.EclipseLogger - Copying 0 resource
2024-08-01 16:06:07,344 [Worker-49: Building] INFO  o.e.m.c.i.embedder.EclipseLogger - Using 'UTF-8' encoding to copy filtered resources.
2024-08-01 16:06:07,345 [Worker-49: Building] INFO  o.e.m.c.i.embedder.EclipseLogger - Copying 1 resource
2024-08-01 16:06:07,349 [Worker-49: Building] INFO  o.e.m.c.i.embedder.EclipseLogger - Using 'UTF-8' encoding to copy filtered resources.
2024-08-01 16:06:07,349 [Worker-49: Building] INFO  o.e.m.c.i.embedder.EclipseLogger - Copying 0 resource
2024-08-01 16:07:17,627 [Worker-50: Building] INFO  o.e.m.c.i.embedder.EclipseLogger - Using 'UTF-8' encoding to copy filtered resources.
2024-08-01 16:07:17,628 [Worker-50: Building] INFO  o.e.m.c.i.embedder.EclipseLogger - Copying 1 resource
2024-08-01 16:07:17,630 [Worker-50: Building] INFO  o.e.m.c.i.embedder.EclipseLogger - Using 'UTF-8' encoding to copy filtered resources.
2024-08-01 16:07:17,630 [Worker-50: Building] INFO  o.e.m.c.i.embedder.EclipseLogger - Copying 0 resource
2024-08-01 16:07:18,718 [Worker-52: Building] INFO  o.e.m.c.i.embedder.EclipseLogger - Using 'UTF-8' encoding to copy filtered resources.
2024-08-01 16:07:18,718 [Worker-52: Building] INFO  o.e.m.c.i.embedder.EclipseLogger - Copying 1 resource
2024-08-01 16:07:18,721 [Worker-52: Building] INFO  o.e.m.c.i.embedder.EclipseLogger - Using 'UTF-8' encoding to copy filtered resources.
2024-08-01 16:07:18,721 [Worker-52: Building] INFO  o.e.m.c.i.embedder.EclipseLogger - Copying 0 resource
2024-08-01 16:10:18,181 [Worker-50: Building] INFO  o.e.m.c.i.embedder.EclipseLogger - Using 'UTF-8' encoding to copy filtered resources.
2024-08-01 16:10:18,183 [Worker-50: Building] INFO  o.e.m.c.i.embedder.EclipseLogger - Copying 1 resource
2024-08-01 16:10:18,189 [Worker-50: Building] INFO  o.e.m.c.i.embedder.EclipseLogger - Using 'UTF-8' encoding to copy filtered resources.
2024-08-01 16:10:18,190 [Worker-50: Building] INFO  o.e.m.c.i.embedder.EclipseLogger - Copying 0 resource
2024-08-01 16:10:29,943 [Worker-55: Building] INFO  o.e.m.c.i.embedder.EclipseLogger - Using 'UTF-8' encoding to copy filtered resources.
2024-08-01 16:10:29,943 [Worker-55: Building] INFO  o.e.m.c.i.embedder.EclipseLogger - Copying 1 resource
2024-08-01 16:10:29,944 [Worker-55: Building] INFO  o.e.m.c.i.embedder.EclipseLogger - Using 'UTF-8' encoding to copy filtered resources.
2024-08-01 16:10:29,944 [Worker-55: Building] INFO  o.e.m.c.i.embedder.EclipseLogger - Copying 0 resource
2024-08-01 16:10:47,615 [Worker-55: Building] INFO  o.e.m.c.i.embedder.EclipseLogger - Using 'UTF-8' encoding to copy filtered resources.
2024-08-01 16:10:47,615 [Worker-55: Building] INFO  o.e.m.c.i.embedder.EclipseLogger - Copying 1 resource
2024-08-01 16:10:47,617 [Worker-55: Building] INFO  o.e.m.c.i.embedder.EclipseLogger - Using 'UTF-8' encoding to copy filtered resources.
2024-08-01 16:10:47,617 [Worker-55: Building] INFO  o.e.m.c.i.embedder.EclipseLogger - Copying 0 resource
2024-08-01 16:10:54,615 [Worker-53: Building] INFO  o.e.m.c.i.embedder.EclipseLogger - Using 'UTF-8' encoding to copy filtered resources.
2024-08-01 16:10:54,615 [Worker-53: Building] INFO  o.e.m.c.i.embedder.EclipseLogger - Copying 1 resource
2024-08-01 16:10:54,617 [Worker-53: Building] INFO  o.e.m.c.i.embedder.EclipseLogger - Using 'UTF-8' encoding to copy filtered resources.
2024-08-01 16:10:54,617 [Worker-53: Building] INFO  o.e.m.c.i.embedder.EclipseLogger - Copying 0 resource
2024-08-01 16:11:06,574 [Worker-50: Building] INFO  o.e.m.c.i.embedder.EclipseLogger - Using 'UTF-8' encoding to copy filtered resources.
2024-08-01 16:11:06,574 [Worker-50: Building] INFO  o.e.m.c.i.embedder.EclipseLogger - Copying 1 resource
2024-08-01 16:11:06,575 [Worker-50: Building] INFO  o.e.m.c.i.embedder.EclipseLogger - Using 'UTF-8' encoding to copy filtered resources.
2024-08-01 16:11:06,575 [Worker-50: Building] INFO  o.e.m.c.i.embedder.EclipseLogger - Copying 0 resource
2024-08-01 16:11:23,584 [Worker-50: Building] INFO  o.e.m.c.i.embedder.EclipseLogger - Using 'UTF-8' encoding to copy filtered resources.
2024-08-01 16:11:23,585 [Worker-50: Building] INFO  o.e.m.c.i.embedder.EclipseLogger - Copying 1 resource
2024-08-01 16:11:23,586 [Worker-50: Building] INFO  o.e.m.c.i.embedder.EclipseLogger - Using 'UTF-8' encoding to copy filtered resources.
2024-08-01 16:11:23,586 [Worker-50: Building] INFO  o.e.m.c.i.embedder.EclipseLogger - Copying 0 resource
2024-08-01 16:11:55,134 [Worker-55: Building] INFO  o.e.m.c.i.embedder.EclipseLogger - Using 'UTF-8' encoding to copy filtered resources.
2024-08-01 16:11:55,135 [Worker-55: Building] INFO  o.e.m.c.i.embedder.EclipseLogger - Copying 1 resource
2024-08-01 16:11:55,137 [Worker-55: Building] INFO  o.e.m.c.i.embedder.EclipseLogger - Using 'UTF-8' encoding to copy filtered resources.
2024-08-01 16:11:55,138 [Worker-55: Building] INFO  o.e.m.c.i.embedder.EclipseLogger - Copying 0 resource
2024-08-01 16:12:01,894 [Worker-50: Building] INFO  o.e.m.c.i.embedder.EclipseLogger - Using 'UTF-8' encoding to copy filtered resources.
2024-08-01 16:12:01,894 [Worker-50: Building] INFO  o.e.m.c.i.embedder.EclipseLogger - Copying 1 resource
2024-08-01 16:12:01,897 [Worker-50: Building] INFO  o.e.m.c.i.embedder.EclipseLogger - Using 'UTF-8' encoding to copy filtered resources.
2024-08-01 16:12:01,898 [Worker-50: Building] INFO  o.e.m.c.i.embedder.EclipseLogger - Copying 0 resource
2024-08-01 16:14:16,804 [Worker-52: Building] INFO  o.e.m.c.i.embedder.EclipseLogger - Using 'UTF-8' encoding to copy filtered resources.
2024-08-01 16:14:16,805 [Worker-52: Building] INFO  o.e.m.c.i.embedder.EclipseLogger - Copying 1 resource
2024-08-01 16:14:16,807 [Worker-52: Building] INFO  o.e.m.c.i.embedder.EclipseLogger - Using 'UTF-8' encoding to copy filtered resources.
2024-08-01 16:14:16,807 [Worker-52: Building] INFO  o.e.m.c.i.embedder.EclipseLogger - Copying 0 resource
2024-08-01 16:14:28,550 [Worker-54: Building] INFO  o.e.m.c.i.embedder.EclipseLogger - Using 'UTF-8' encoding to copy filtered resources.
2024-08-01 16:14:28,550 [Worker-54: Building] INFO  o.e.m.c.i.embedder.EclipseLogger - Copying 1 resource
2024-08-01 16:14:28,551 [Worker-54: Building] INFO  o.e.m.c.i.embedder.EclipseLogger - Using 'UTF-8' encoding to copy filtered resources.
2024-08-01 16:14:28,551 [Worker-54: Building] INFO  o.e.m.c.i.embedder.EclipseLogger - Copying 0 resource
2024-08-01 16:14:54,149 [Worker-52: Building] INFO  o.e.m.c.i.embedder.EclipseLogger - Using 'UTF-8' encoding to copy filtered resources.
2024-08-01 16:14:54,149 [Worker-52: Building] INFO  o.e.m.c.i.embedder.EclipseLogger - Copying 1 resource
2024-08-01 16:14:54,151 [Worker-52: Building] INFO  o.e.m.c.i.embedder.EclipseLogger - Using 'UTF-8' encoding to copy filtered resources.
2024-08-01 16:14:54,152 [Worker-52: Building] INFO  o.e.m.c.i.embedder.EclipseLogger - Copying 0 resource
2024-08-01 16:16:24,294 [Worker-50: Building] INFO  o.e.m.c.i.embedder.EclipseLogger - Using 'UTF-8' encoding to copy filtered resources.
2024-08-01 16:16:24,294 [Worker-50: Building] INFO  o.e.m.c.i.embedder.EclipseLogger - Copying 1 resource
2024-08-01 16:16:24,298 [Worker-50: Building] INFO  o.e.m.c.i.embedder.EclipseLogger - Using 'UTF-8' encoding to copy filtered resources.
2024-08-01 16:16:24,298 [Worker-50: Building] INFO  o.e.m.c.i.embedder.EclipseLogger - Copying 0 resource
2024-08-01 17:08:43,486 [Worker-55: Building] INFO  o.e.m.c.i.embedder.EclipseLogger - Using 'UTF-8' encoding to copy filtered resources.
2024-08-01 17:08:43,488 [Worker-55: Building] INFO  o.e.m.c.i.embedder.EclipseLogger - Copying 1 resource
2024-08-01 17:08:43,490 [Worker-55: Building] INFO  o.e.m.c.i.embedder.EclipseLogger - Using 'UTF-8' encoding to copy filtered resources.
2024-08-01 17:08:43,490 [Worker-55: Building] INFO  o.e.m.c.i.embedder.EclipseLogger - Copying 0 resource
2024-08-01 17:08:57,636 [Worker-52: Building] INFO  o.e.m.c.i.embedder.EclipseLogger - Using 'UTF-8' encoding to copy filtered resources.
2024-08-01 17:08:57,636 [Worker-52: Building] INFO  o.e.m.c.i.embedder.EclipseLogger - Copying 1 resource
2024-08-01 17:08:57,639 [Worker-52: Building] INFO  o.e.m.c.i.embedder.EclipseLogger - Using 'UTF-8' encoding to copy filtered resources.
2024-08-01 17:08:57,639 [Worker-52: Building] INFO  o.e.m.c.i.embedder.EclipseLogger - Copying 0 resource
2024-08-01 17:10:47,048 [Worker-50: Updating Maven Project] INFO  o.e.m.c.i.p.ProjectConfigurationManager - Update started
2024-08-01 17:10:47,694 [Worker-50: Updating Maven Project] INFO  o.e.m.c.i.l.LifecycleMappingFactory - Using org.eclipse.m2e.jdt.JarLifecycleMapping lifecycle mapping for MavenProject: com.jspiders:hibernate:0.0.1-SNAPSHOT @ D:\JWA-JFFADD-A4\hibernate\pom.xml.
2024-08-01 17:10:48,002 [Worker-50: Updating Maven Project] INFO  o.e.m.j.i.AbstractJavaProjectConfigurator - Adding source folder /hibernate/src/main/java
2024-08-01 17:10:48,004 [Worker-50: Updating Maven Project] INFO  o.e.m.j.i.AbstractJavaProjectConfigurator - Adding resource folder /hibernate/src/main/resources
2024-08-01 17:10:48,006 [Worker-50: Updating Maven Project] INFO  o.e.m.j.i.AbstractJavaProjectConfigurator - Adding source folder /hibernate/src/test/java
2024-08-01 17:10:48,007 [Worker-50: Updating Maven Project] INFO  o.e.m.j.i.AbstractJavaProjectConfigurator - Adding resource folder /hibernate/src/test/resources
2024-08-01 17:10:48,514 [Worker-50: Updating Maven Project] INFO  o.e.m.c.i.p.ProjectConfigurationManager - Update completed for 1 poms: local refresh takes 0.00 sec, refresh facades takes 0.00 sec, update config takes 0.00 sec 
2024-08-01 17:10:49,387 [Worker-59: Building] INFO  o.e.m.c.i.embedder.EclipseLogger - Using 'UTF-8' encoding to copy filtered resources.
2024-08-01 17:10:49,388 [Worker-59: Building] INFO  o.e.m.c.i.embedder.EclipseLogger - Copying 1 resource
2024-08-01 17:10:49,407 [Worker-59: Building] INFO  o.e.m.c.i.embedder.EclipseLogger - Using 'UTF-8' encoding to copy filtered resources.
2024-08-01 17:10:49,407 [Worker-59: Building] INFO  o.e.m.c.i.embedder.EclipseLogger - Copying 0 resource
2024-08-01 17:11:30,779 [Worker-58: Building] INFO  o.e.m.c.i.embedder.EclipseLogger - Using 'UTF-8' encoding to copy filtered resources.
2024-08-01 17:11:30,780 [Worker-58: Building] INFO  o.e.m.c.i.embedder.EclipseLogger - Copying 1 resource
2024-08-01 17:11:30,782 [Worker-58: Building] INFO  o.e.m.c.i.embedder.EclipseLogger - Using 'UTF-8' encoding to copy filtered resources.
2024-08-01 17:11:30,782 [Worker-58: Building] INFO  o.e.m.c.i.embedder.EclipseLogger - Copying 0 resource
2024-08-01 17:11:33,026 [Worker-55: Building] INFO  o.e.m.c.i.embedder.EclipseLogger - Using 'UTF-8' encoding to copy filtered resources.
2024-08-01 17:11:33,027 [Worker-55: Building] INFO  o.e.m.c.i.embedder.EclipseLogger - Copying 1 resource
2024-08-01 17:11:33,029 [Worker-55: Building] INFO  o.e.m.c.i.embedder.EclipseLogger - Using 'UTF-8' encoding to copy filtered resources.
2024-08-01 17:11:33,029 [Worker-55: Building] INFO  o.e.m.c.i.embedder.EclipseLogger - Copying 0 resource
2024-08-01 17:14:51,650 [Worker-50: Updating Maven Project] INFO  o.e.m.c.i.p.ProjectConfigurationManager - Update started
2024-08-01 17:14:52,039 [Worker-50: Updating Maven Project] INFO  o.e.m.c.i.l.LifecycleMappingFactory - Using org.eclipse.m2e.jdt.JarLifecycleMapping lifecycle mapping for MavenProject: com.jspiders:hibernate:0.0.1-SNAPSHOT @ D:\JWA-JFFADD-A4\hibernate\pom.xml.
2024-08-01 17:14:52,263 [Worker-50: Updating Maven Project] INFO  o.e.m.j.i.AbstractJavaProjectConfigurator - Adding source folder /hibernate/src/main/java
2024-08-01 17:14:52,264 [Worker-50: Updating Maven Project] INFO  o.e.m.j.i.AbstractJavaProjectConfigurator - Adding resource folder /hibernate/src/main/resources
2024-08-01 17:14:52,264 [Worker-50: Updating Maven Project] INFO  o.e.m.j.i.AbstractJavaProjectConfigurator - Adding source folder /hibernate/src/test/java
2024-08-01 17:14:52,264 [Worker-50: Updating Maven Project] INFO  o.e.m.j.i.AbstractJavaProjectConfigurator - Adding resource folder /hibernate/src/test/resources
2024-08-01 17:14:52,298 [Worker-50: Updating Maven Project] INFO  o.e.m.c.i.p.ProjectConfigurationManager - Update completed for 1 poms: local refresh takes 0.00 sec, refresh facades takes 0.00 sec, update config takes 0.00 sec 
2024-08-01 17:14:52,690 [Worker-63: Building] INFO  o.e.m.c.i.embedder.EclipseLogger - Using 'UTF-8' encoding to copy filtered resources.
2024-08-01 17:14:52,692 [Worker-63: Building] INFO  o.e.m.c.i.embedder.EclipseLogger - Copying 1 resource
2024-08-01 17:14:52,753 [Worker-63: Building] INFO  o.e.m.c.i.embedder.EclipseLogger - Using 'UTF-8' encoding to copy filtered resources.
2024-08-01 17:14:52,754 [Worker-63: Building] INFO  o.e.m.c.i.embedder.EclipseLogger - Copying 0 resource
2024-08-01 17:15:55,544 [Worker-64: Building] INFO  o.e.m.c.i.embedder.EclipseLogger - Using 'UTF-8' encoding to copy filtered resources.
2024-08-01 17:15:55,544 [Worker-64: Building] INFO  o.e.m.c.i.embedder.EclipseLogger - Copying 1 resource
2024-08-01 17:15:55,546 [Worker-64: Building] INFO  o.e.m.c.i.embedder.EclipseLogger - Using 'UTF-8' encoding to copy filtered resources.
2024-08-01 17:15:55,547 [Worker-64: Building] INFO  o.e.m.c.i.embedder.EclipseLogger - Copying 0 resource
2024-08-01 17:16:06,091 [Worker-59: Building] INFO  o.e.m.c.i.embedder.EclipseLogger - Using 'UTF-8' encoding to copy filtered resources.
2024-08-01 17:16:06,092 [Worker-59: Building] INFO  o.e.m.c.i.embedder.EclipseLogger - Copying 1 resource
2024-08-01 17:16:06,094 [Worker-59: Building] INFO  o.e.m.c.i.embedder.EclipseLogger - Using 'UTF-8' encoding to copy filtered resources.
2024-08-01 17:16:06,094 [Worker-59: Building] INFO  o.e.m.c.i.embedder.EclipseLogger - Copying 0 resource
2024-08-01 17:16:13,974 [Worker-65: Updating Maven Project] INFO  o.e.m.c.i.p.ProjectConfigurationManager - Update started
2024-08-01 17:16:14,337 [Worker-65: Updating Maven Project] INFO  o.e.m.c.i.l.LifecycleMappingFactory - Using org.eclipse.m2e.jdt.JarLifecycleMapping lifecycle mapping for MavenProject: com.jspiders:hibernate:0.0.1-SNAPSHOT @ D:\JWA-JFFADD-A4\hibernate\pom.xml.
2024-08-01 17:16:14,512 [Worker-65: Updating Maven Project] INFO  o.e.m.j.i.AbstractJavaProjectConfigurator - Adding source folder /hibernate/src/main/java
2024-08-01 17:16:14,513 [Worker-65: Updating Maven Project] INFO  o.e.m.j.i.AbstractJavaProjectConfigurator - Adding resource folder /hibernate/src/main/resources
2024-08-01 17:16:14,513 [Worker-65: Updating Maven Project] INFO  o.e.m.j.i.AbstractJavaProjectConfigurator - Adding source folder /hibernate/src/test/java
2024-08-01 17:16:14,513 [Worker-65: Updating Maven Project] INFO  o.e.m.j.i.AbstractJavaProjectConfigurator - Adding resource folder /hibernate/src/test/resources
2024-08-01 17:16:14,545 [Worker-65: Updating Maven Project] INFO  o.e.m.c.i.p.ProjectConfigurationManager - Update completed for 1 poms: local refresh takes 0.00 sec, refresh facades takes 0.00 sec, update config takes 0.00 sec 
2024-08-01 17:16:14,859 [Worker-63: Building] INFO  o.e.m.c.i.embedder.EclipseLogger - Using 'UTF-8' encoding to copy filtered resources.
2024-08-01 17:16:14,859 [Worker-63: Building] INFO  o.e.m.c.i.embedder.EclipseLogger - Copying 1 resource
2024-08-01 17:16:14,867 [Worker-63: Building] INFO  o.e.m.c.i.embedder.EclipseLogger - Using 'UTF-8' encoding to copy filtered resources.
2024-08-01 17:16:14,867 [Worker-63: Building] INFO  o.e.m.c.i.embedder.EclipseLogger - Copying 0 resource
2024-08-01 17:17:13,563 [Worker-64: Building] INFO  o.e.m.c.i.l.LifecycleMappingFactory - Using org.eclipse.m2e.jdt.JarLifecycleMapping lifecycle mapping for MavenProject: com.jspiders:hibernate:0.0.1-SNAPSHOT @ D:\JWA-JFFADD-A4\hibernate\pom.xml.
2024-08-01 17:17:13,755 [Worker-64: Building] INFO  o.e.m.c.i.embedder.EclipseLogger - Using 'UTF-8' encoding to copy filtered resources.
2024-08-01 17:17:13,757 [Worker-64: Building] INFO  o.e.m.c.i.embedder.EclipseLogger - Copying 0 resource
2024-08-01 17:17:13,759 [Worker-64: Building] INFO  o.e.m.c.i.embedder.EclipseLogger - Using 'UTF-8' encoding to copy filtered resources.
2024-08-01 17:17:13,759 [Worker-64: Building] INFO  o.e.m.c.i.embedder.EclipseLogger - Copying 0 resource
2024-08-01 17:17:14,360 [Worker-64: Building] INFO  o.e.m.c.i.embedder.EclipseLogger - Using 'UTF-8' encoding to copy filtered resources.
2024-08-01 17:17:14,361 [Worker-64: Building] INFO  o.e.m.c.i.embedder.EclipseLogger - Copying 1 resource
2024-08-01 17:17:14,368 [Worker-64: Building] INFO  o.e.m.c.i.embedder.EclipseLogger - Using 'UTF-8' encoding to copy filtered resources.
2024-08-01 17:17:14,369 [Worker-64: Building] INFO  o.e.m.c.i.embedder.EclipseLogger - Copying 0 resource
2024-08-01 17:17:16,710 [Worker-59: Building] INFO  o.e.m.c.i.l.LifecycleMappingFactory - Using org.eclipse.m2e.jdt.JarLifecycleMapping lifecycle mapping for MavenProject: com.jspiders:hibernate:0.0.1-SNAPSHOT @ D:\JWA-JFFADD-A4\hibernate\pom.xml.
2024-08-01 17:17:16,936 [Worker-59: Building] INFO  o.e.m.c.i.embedder.EclipseLogger - Using 'UTF-8' encoding to copy filtered resources.
2024-08-01 17:17:16,938 [Worker-59: Building] INFO  o.e.m.c.i.embedder.EclipseLogger - Copying 0 resource
2024-08-01 17:17:16,940 [Worker-59: Building] INFO  o.e.m.c.i.embedder.EclipseLogger - Using 'UTF-8' encoding to copy filtered resources.
2024-08-01 17:17:16,941 [Worker-59: Building] INFO  o.e.m.c.i.embedder.EclipseLogger - Copying 0 resource
2024-08-01 17:17:22,041 [Worker-65: Building] INFO  o.e.m.c.i.embedder.EclipseLogger - Using 'UTF-8' encoding to copy filtered resources.
2024-08-01 17:17:22,042 [Worker-65: Building] INFO  o.e.m.c.i.embedder.EclipseLogger - Copying 1 resource
2024-08-01 17:17:22,045 [Worker-65: Building] INFO  o.e.m.c.i.embedder.EclipseLogger - Using 'UTF-8' encoding to copy filtered resources.
2024-08-01 17:17:22,045 [Worker-65: Building] INFO  o.e.m.c.i.embedder.EclipseLogger - Copying 0 resource
2024-08-01 17:17:23,577 [Worker-63: Building] INFO  o.e.m.c.i.embedder.EclipseLogger - Using 'UTF-8' encoding to copy filtered resources.
2024-08-01 17:17:23,577 [Worker-63: Building] INFO  o.e.m.c.i.embedder.EclipseLogger - Copying 1 resource
2024-08-01 17:17:23,578 [Worker-63: Building] INFO  o.e.m.c.i.embedder.EclipseLogger - Using 'UTF-8' encoding to copy filtered resources.
2024-08-01 17:17:23,579 [Worker-63: Building] INFO  o.e.m.c.i.embedder.EclipseLogger - Copying 0 resource
2024-08-01 17:17:29,241 [Worker-59: Updating Maven Project] INFO  o.e.m.c.i.p.ProjectConfigurationManager - Update started
2024-08-01 17:17:29,589 [Worker-59: Updating Maven Project] INFO  o.e.m.c.i.l.LifecycleMappingFactory - Using org.eclipse.m2e.jdt.JarLifecycleMapping lifecycle mapping for MavenProject: com.jspiders:hibernate:0.0.1-SNAPSHOT @ D:\JWA-JFFADD-A4\hibernate\pom.xml.
2024-08-01 17:17:29,778 [Worker-59: Updating Maven Project] INFO  o.e.m.j.i.AbstractJavaProjectConfigurator - Adding source folder /hibernate/src/main/java
2024-08-01 17:17:29,778 [Worker-59: Updating Maven Project] INFO  o.e.m.j.i.AbstractJavaProjectConfigurator - Adding resource folder /hibernate/src/main/resources
2024-08-01 17:17:29,779 [Worker-59: Updating Maven Project] INFO  o.e.m.j.i.AbstractJavaProjectConfigurator - Adding source folder /hibernate/src/test/java
2024-08-01 17:17:29,779 [Worker-59: Updating Maven Project] INFO  o.e.m.j.i.AbstractJavaProjectConfigurator - Adding resource folder /hibernate/src/test/resources
2024-08-01 17:17:29,811 [Worker-59: Updating Maven Project] INFO  o.e.m.c.i.p.ProjectConfigurationManager - Update completed for 1 poms: local refresh takes 0.00 sec, refresh facades takes 0.00 sec, update config takes 0.00 sec 
2024-08-01 17:17:30,146 [Worker-50: Building] INFO  o.e.m.c.i.embedder.EclipseLogger - Using 'UTF-8' encoding to copy filtered resources.
2024-08-01 17:17:30,146 [Worker-50: Building] INFO  o.e.m.c.i.embedder.EclipseLogger - Copying 1 resource
2024-08-01 17:17:30,153 [Worker-50: Building] INFO  o.e.m.c.i.embedder.EclipseLogger - Using 'UTF-8' encoding to copy filtered resources.
2024-08-01 17:17:30,154 [Worker-50: Building] INFO  o.e.m.c.i.embedder.EclipseLogger - Copying 0 resource
2024-08-01 17:18:36,506 [Worker-66: Building] INFO  o.e.m.c.i.embedder.EclipseLogger - Using 'UTF-8' encoding to copy filtered resources.
2024-08-01 17:18:36,507 [Worker-66: Building] INFO  o.e.m.c.i.embedder.EclipseLogger - Copying 1 resource
2024-08-01 17:18:36,510 [Worker-66: Building] INFO  o.e.m.c.i.embedder.EclipseLogger - Using 'UTF-8' encoding to copy filtered resources.
2024-08-01 17:18:36,510 [Worker-66: Building] INFO  o.e.m.c.i.embedder.EclipseLogger - Copying 0 resource
2024-08-01 17:18:42,827 [Worker-59: Building] INFO  o.e.m.c.i.embedder.EclipseLogger - Using 'UTF-8' encoding to copy filtered resources.
2024-08-01 17:18:42,828 [Worker-59: Building] INFO  o.e.m.c.i.embedder.EclipseLogger - Copying 1 resource
2024-08-01 17:18:42,829 [Worker-59: Building] INFO  o.e.m.c.i.embedder.EclipseLogger - Using 'UTF-8' encoding to copy filtered resources.
2024-08-01 17:18:42,829 [Worker-59: Building] INFO  o.e.m.c.i.embedder.EclipseLogger - Copying 0 resource
2024-08-01 17:19:05,884 [Worker-63: Updating Maven Dependencies] ERROR o.e.m.j.i.l.MavenLaunchConfigurationListener - Launch configuration App references non-existing project hibernate.
org.eclipse.core.runtime.CoreException: Launch configuration App references non-existing project hibernate.
	at org.eclipse.jdt.launching.JavaRuntime.abort(JavaRuntime.java:1867)
	at org.eclipse.jdt.launching.JavaRuntime.getJavaProject(JavaRuntime.java:1744)
	at org.eclipse.m2e.jdt.internal.launch.MavenLaunchConfigurationListener.updateLaunchConfiguration(MavenLaunchConfigurationListener.java:64)
	at org.eclipse.m2e.jdt.internal.launch.MavenLaunchConfigurationListener.launchConfigurationChanged(MavenLaunchConfigurationListener.java:50)
	at org.eclipse.debug.internal.core.LaunchManager$ConfigurationNotifier.run(LaunchManager.java:220)
	at org.eclipse.core.runtime.SafeRunner.run(SafeRunner.java:47)
	at org.eclipse.debug.internal.core.LaunchManager$ConfigurationNotifier.notify(LaunchManager.java:204)
	at org.eclipse.debug.internal.core.LaunchConfigurationWorkingCopy.setDirty(LaunchConfigurationWorkingCopy.java:527)
	at org.eclipse.debug.internal.core.LaunchConfigurationWorkingCopy.setAttribute(LaunchConfigurationWorkingCopy.java:415)
	at org.eclipse.m2e.jdt.internal.launch.MavenRuntimeClasspathProvider.disable(MavenRuntimeClasspathProvider.java:409)
	at org.eclipse.m2e.jdt.internal.launch.MavenRuntimeClasspathProvider.disable(MavenRuntimeClasspathProvider.java:435)
	at org.eclipse.m2e.jdt.internal.launch.MavenLaunchConfigurationListener.mavenProjectChanged(MavenLaunchConfigurationListener.java:135)
	at org.eclipse.m2e.core.internal.project.registry.ProjectRegistryManager.notifyProjectChangeListeners(ProjectRegistryManager.java:892)
	at org.eclipse.m2e.core.internal.project.registry.ProjectRegistryManager.applyMutableProjectRegistry(ProjectRegistryManager.java:1042)
	at org.eclipse.m2e.core.internal.project.registry.ProjectRegistryRefreshJob.lambda$0(ProjectRegistryRefreshJob.java:162)
	at org.eclipse.m2e.core.internal.embedder.MavenExecutionContext.executeBare(MavenExecutionContext.java:458)
	at org.eclipse.m2e.core.internal.embedder.MavenExecutionContext.execute(MavenExecutionContext.java:339)
	at org.eclipse.m2e.core.internal.embedder.MavenExecutionContext.execute(MavenExecutionContext.java:278)
	at org.eclipse.m2e.core.internal.project.registry.ProjectRegistryRefreshJob.run(ProjectRegistryRefreshJob.java:106)
	at org.eclipse.core.internal.jobs.Worker.run(Worker.java:63)
2024-08-01 17:19:05,920 [Worker-63: Updating Maven Dependencies] ERROR o.e.m.j.i.l.MavenLaunchConfigurationListener - Launch configuration App references non-existing project hibernate.
org.eclipse.core.runtime.CoreException: Launch configuration App references non-existing project hibernate.
	at org.eclipse.jdt.launching.JavaRuntime.abort(JavaRuntime.java:1867)
	at org.eclipse.jdt.launching.JavaRuntime.getJavaProject(JavaRuntime.java:1744)
	at org.eclipse.m2e.jdt.internal.launch.MavenLaunchConfigurationListener.updateLaunchConfiguration(MavenLaunchConfigurationListener.java:64)
	at org.eclipse.m2e.jdt.internal.launch.MavenLaunchConfigurationListener.launchConfigurationChanged(MavenLaunchConfigurationListener.java:50)
	at org.eclipse.debug.internal.core.LaunchManager$ConfigurationNotifier.run(LaunchManager.java:220)
	at org.eclipse.core.runtime.SafeRunner.run(SafeRunner.java:47)
	at org.eclipse.debug.internal.core.LaunchManager$ConfigurationNotifier.notify(LaunchManager.java:204)
	at org.eclipse.debug.internal.core.LaunchConfigurationWorkingCopy.setDirty(LaunchConfigurationWorkingCopy.java:527)
	at org.eclipse.debug.internal.core.LaunchConfigurationWorkingCopy.setAttribute(LaunchConfigurationWorkingCopy.java:415)
	at org.eclipse.m2e.jdt.internal.launch.MavenRuntimeClasspathProvider.disable(MavenRuntimeClasspathProvider.java:410)
	at org.eclipse.m2e.jdt.internal.launch.MavenRuntimeClasspathProvider.disable(MavenRuntimeClasspathProvider.java:435)
	at org.eclipse.m2e.jdt.internal.launch.MavenLaunchConfigurationListener.mavenProjectChanged(MavenLaunchConfigurationListener.java:135)
	at org.eclipse.m2e.core.internal.project.registry.ProjectRegistryManager.notifyProjectChangeListeners(ProjectRegistryManager.java:892)
	at org.eclipse.m2e.core.internal.project.registry.ProjectRegistryManager.applyMutableProjectRegistry(ProjectRegistryManager.java:1042)
	at org.eclipse.m2e.core.internal.project.registry.ProjectRegistryRefreshJob.lambda$0(ProjectRegistryRefreshJob.java:162)
	at org.eclipse.m2e.core.internal.embedder.MavenExecutionContext.executeBare(MavenExecutionContext.java:458)
	at org.eclipse.m2e.core.internal.embedder.MavenExecutionContext.execute(MavenExecutionContext.java:339)
	at org.eclipse.m2e.core.internal.embedder.MavenExecutionContext.execute(MavenExecutionContext.java:278)
	at org.eclipse.m2e.core.internal.project.registry.ProjectRegistryRefreshJob.run(ProjectRegistryRefreshJob.java:106)
	at org.eclipse.core.internal.jobs.Worker.run(Worker.java:63)
2024-08-01 17:19:05,930 [Worker-63: Updating Maven Dependencies] ERROR o.e.m.j.i.l.MavenLaunchConfigurationListener - Launch configuration App references non-existing project hibernate.
org.eclipse.core.runtime.CoreException: Launch configuration App references non-existing project hibernate.
	at org.eclipse.jdt.launching.JavaRuntime.abort(JavaRuntime.java:1867)
	at org.eclipse.jdt.launching.JavaRuntime.getJavaProject(JavaRuntime.java:1744)
	at org.eclipse.m2e.jdt.internal.launch.MavenLaunchConfigurationListener.updateLaunchConfiguration(MavenLaunchConfigurationListener.java:64)
	at org.eclipse.m2e.jdt.internal.launch.MavenLaunchConfigurationListener.launchConfigurationChanged(MavenLaunchConfigurationListener.java:50)
	at org.eclipse.debug.internal.core.LaunchManager$ConfigurationNotifier.run(LaunchManager.java:220)
	at org.eclipse.core.runtime.SafeRunner.run(SafeRunner.java:47)
	at org.eclipse.debug.internal.core.LaunchManager$ConfigurationNotifier.notify(LaunchManager.java:204)
	at org.eclipse.debug.internal.core.LaunchManager.launchConfigurationChanged(LaunchManager.java:2010)
	at org.eclipse.debug.internal.core.LaunchConfigurationWorkingCopy.writeNewFile(LaunchConfigurationWorkingCopy.java:380)
	at org.eclipse.debug.internal.core.LaunchConfigurationWorkingCopy.doSave0(LaunchConfigurationWorkingCopy.java:259)
	at org.eclipse.debug.internal.core.LaunchConfigurationWorkingCopy.doSave(LaunchConfigurationWorkingCopy.java:229)
	at org.eclipse.debug.internal.core.LaunchConfigurationWorkingCopy.doSave(LaunchConfigurationWorkingCopy.java:187)
	at org.eclipse.m2e.jdt.internal.launch.MavenRuntimeClasspathProvider.disable(MavenRuntimeClasspathProvider.java:411)
	at org.eclipse.m2e.jdt.internal.launch.MavenRuntimeClasspathProvider.disable(MavenRuntimeClasspathProvider.java:435)
	at org.eclipse.m2e.jdt.internal.launch.MavenLaunchConfigurationListener.mavenProjectChanged(MavenLaunchConfigurationListener.java:135)
	at org.eclipse.m2e.core.internal.project.registry.ProjectRegistryManager.notifyProjectChangeListeners(ProjectRegistryManager.java:892)
	at org.eclipse.m2e.core.internal.project.registry.ProjectRegistryManager.applyMutableProjectRegistry(ProjectRegistryManager.java:1042)
	at org.eclipse.m2e.core.internal.project.registry.ProjectRegistryRefreshJob.lambda$0(ProjectRegistryRefreshJob.java:162)
	at org.eclipse.m2e.core.internal.embedder.MavenExecutionContext.executeBare(MavenExecutionContext.java:458)
	at org.eclipse.m2e.core.internal.embedder.MavenExecutionContext.execute(MavenExecutionContext.java:339)
	at org.eclipse.m2e.core.internal.embedder.MavenExecutionContext.execute(MavenExecutionContext.java:278)
	at org.eclipse.m2e.core.internal.project.registry.ProjectRegistryRefreshJob.run(ProjectRegistryRefreshJob.java:106)
	at org.eclipse.core.internal.jobs.Worker.run(Worker.java:63)
